GAS LISTING C:\Users\beege\AppData\Local\Temp/cccC5cb7.s 			page 1


   1               		.file	"asuro.c"
   2               	__SREG__ = 0x3f
   3               	__SP_H__ = 0x3e
   4               	__SP_L__ = 0x3d
   5               	__CCP__  = 0x34
   6               	__tmp_reg__ = 0
   7               	__zero_reg__ = 1
   8               		.section	.debug_abbrev,"",@progbits
   9               	.Ldebug_abbrev0:
  10               		.section	.debug_info,"",@progbits
  11               	.Ldebug_info0:
  12               		.section	.debug_line,"",@progbits
  13               	.Ldebug_line0:
  14               		.text
  15               	.Ltext0:
  16               	.global	__vector_3
  17               		.type	__vector_3, @function
  18               	__vector_3:
  19               	.LFB2:
  20               	.LM1:
  21 0000 1F92      		push __zero_reg__
  22 0002 0F92      		push r0
  23 0004 0FB6      		in r0,__SREG__
  24 0006 0F92      		push r0
  25 0008 1124      		clr __zero_reg__
  26 000a 8F93      		push r24
  27               	/* prologue: Signal */
  28               	/* frame size = 0 */
  29               	.LM2:
  30 000c 8091 0000 		lds r24,count72kHz
  31 0010 8F5F      		subi r24,lo8(-(1))
  32 0012 8093 0000 		sts count72kHz,r24
  33               	/* epilogue start */
  34               	.LM3:
  35 0016 8F91      		pop r24
  36 0018 0F90      		pop r0
  37 001a 0FBE      		out __SREG__,r0
  38 001c 0F90      		pop r0
  39 001e 1F90      		pop __zero_reg__
  40 0020 1895      		reti
  41               	.LFE2:
  42               		.size	__vector_3, .-__vector_3
  43               	.global	MotorSpeed
  44               		.type	MotorSpeed, @function
  45               	MotorSpeed:
  46               	.LFB4:
  47               	.LM4:
  48               	.LVL0:
  49               	/* prologue: function */
  50               	/* frame size = 0 */
  51               	.LM5:
  52 0022 90E0      		ldi r25,lo8(0)
  53 0024 9BBD      		out (74)+1-32,r25
  54 0026 8ABD      		out 74-32,r24
  55               	.LVL1:
  56               	.LM6:
  57 0028 70E0      		ldi r23,lo8(0)
GAS LISTING C:\Users\beege\AppData\Local\Temp/cccC5cb7.s 			page 2


  58 002a 79BD      		out (72)+1-32,r23
  59 002c 68BD      		out 72-32,r22
  60               	.LVL2:
  61               	/* epilogue start */
  62               	.LM7:
  63 002e 0895      		ret
  64               	.LFE4:
  65               		.size	MotorSpeed, .-MotorSpeed
  66               	.global	MotorDir
  67               		.type	MotorDir, @function
  68               	MotorDir:
  69               	.LFB5:
  70               	.LM8:
  71               	.LVL3:
  72               	/* prologue: function */
  73               	/* frame size = 0 */
  74               	.LM9:
  75 0030 92B3      		in r25,50-32
  76 0032 9F7C      		andi r25,lo8(-49)
  77 0034 982B      		or r25,r24
  78 0036 92BB      		out 50-32,r25
  79               	.LM10:
  80 0038 88B3      		in r24,56-32
  81               	.LVL4:
  82 003a 8F7C      		andi r24,lo8(-49)
  83 003c 862B      		or r24,r22
  84 003e 88BB      		out 56-32,r24
  85               	/* epilogue start */
  86               	.LM11:
  87 0040 0895      		ret
  88               	.LFE5:
  89               		.size	MotorDir, .-MotorDir
  90               	.global	StatusLED
  91               		.type	StatusLED, @function
  92               	StatusLED:
  93               	.LFB6:
  94               	.LM12:
  95               	.LVL5:
  96               	/* prologue: function */
  97               	/* frame size = 0 */
  98               	.LM13:
  99 0042 8823      		tst r24
 100 0044 01F4      		brne .L8
 101 0046 C098      		cbi 56-32,0
 102 0048 00C0      		rjmp .L13
 103               	.L8:
 104               	.LM14:
 105 004a 8130      		cpi r24,lo8(1)
 106 004c 01F4      		brne .L10
 107 004e C09A      		sbi 56-32,0
 108               	.L13:
 109 0050 9298      		cbi 50-32,2
 110 0052 0895      		ret
 111               	.L10:
 112               	.LM15:
 113 0054 8330      		cpi r24,lo8(3)
 114 0056 01F4      		brne .L11
GAS LISTING C:\Users\beege\AppData\Local\Temp/cccC5cb7.s 			page 3


 115 0058 C09A      		sbi 56-32,0
 116 005a 929A      		sbi 50-32,2
 117 005c 0895      		ret
 118               	.L11:
 119               	.LM16:
 120 005e 8230      		cpi r24,lo8(2)
 121 0060 01F4      		brne .L12
 122 0062 C098      		cbi 56-32,0
 123 0064 929A      		sbi 50-32,2
 124               	.L12:
 125 0066 0895      		ret
 126               	.LFE6:
 127               		.size	StatusLED, .-StatusLED
 128               	.global	FrontLED
 129               		.type	FrontLED, @function
 130               	FrontLED:
 131               	.LFB7:
 132               	.LM17:
 133               	.LVL6:
 134               	/* prologue: function */
 135               	/* frame size = 0 */
 136               	.LM18:
 137 0068 92B3      		in r25,50-32
 138 006a 8295      		swap r24
 139               	.LVL7:
 140 006c 880F      		lsl r24
 141 006e 880F      		lsl r24
 142 0070 807C      		andi r24,lo8(-64)
 143 0072 9F7B      		andi r25,lo8(-65)
 144 0074 982B      		or r25,r24
 145 0076 92BB      		out 50-32,r25
 146               	/* epilogue start */
 147               	.LM19:
 148 0078 0895      		ret
 149               	.LFE7:
 150               		.size	FrontLED, .-FrontLED
 151               	.global	BackLED
 152               		.type	BackLED, @function
 153               	BackLED:
 154               	.LFB8:
 155               	.LM20:
 156               	.LVL8:
 157               	/* prologue: function */
 158               	/* frame size = 0 */
 159 007a 982F      		mov r25,r24
 160               	.LM21:
 161 007c 8823      		tst r24
 162 007e 01F4      		brne .L17
 163 0080 6623      		tst r22
 164 0082 01F0      		breq .L18
 165               	.L17:
 166               	.LM22:
 167 0084 9798      		cbi 50-32,7
 168               	.LM23:
 169 0086 84B3      		in r24,52-32
 170               	.LVL9:
 171 0088 8360      		ori r24,lo8(3)
GAS LISTING C:\Users\beege\AppData\Local\Temp/cccC5cb7.s 			page 4


 172 008a 84BB      		out 52-32,r24
 173               	.LM24:
 174 008c 85B3      		in r24,53-32
 175 008e 8360      		ori r24,lo8(3)
 176 0090 85BB      		out 53-32,r24
 177               	.LM25:
 178 0092 9923      		tst r25
 179 0094 01F4      		brne .L19
 180               	.LVL10:
 181               	.L18:
 182 0096 A998      		cbi 53-32,1
 183               	.L19:
 184               	.LM26:
 185 0098 6623      		tst r22
 186 009a 01F4      		brne .L21
 187 009c A898      		cbi 53-32,0
 188               	.L21:
 189 009e 0895      		ret
 190               	.LFE8:
 191               		.size	BackLED, .-BackLED
 192               	.global	Init
 193               		.type	Init, @function
 194               	Init:
 195               	.LFB3:
 196               	.LM27:
 197               	/* prologue: function */
 198               	/* frame size = 0 */
 199               	.LM28:
 200 00a0 89E1      		ldi r24,lo8(25)
 201 00a2 85BD      		out 69-32,r24
 202               	.LM29:
 203 00a4 8EE6      		ldi r24,lo8(110)
 204 00a6 83BD      		out 67-32,r24
 205               	.LM30:
 206 00a8 89B7      		in r24,89-32
 207 00aa 8068      		ori r24,lo8(-128)
 208 00ac 89BF      		out 89-32,r24
 209               	.LM31:
 210 00ae 1BB8      		out 43-32,__zero_reg__
 211               	.LM32:
 212 00b0 1AB8      		out 42-32,__zero_reg__
 213               	.LM33:
 214 00b2 96E8      		ldi r25,lo8(-122)
 215 00b4 90BD      		out 64-32,r25
 216               	.LM34:
 217 00b6 8FEC      		ldi r24,lo8(-49)
 218 00b8 89B9      		out 41-32,r24
 219               	.LM35:
 220 00ba 8FE3      		ldi r24,lo8(63)
 221 00bc 87BB      		out 55-32,r24
 222               	.LM36:
 223 00be 84EF      		ldi r24,lo8(-12)
 224 00c0 81BB      		out 49-32,r24
 225               	.LM37:
 226 00c2 81EA      		ldi r24,lo8(-95)
 227 00c4 8FBD      		out 79-32,r24
 228               	.LM38:
GAS LISTING C:\Users\beege\AppData\Local\Temp/cccC5cb7.s 			page 5


 229 00c6 82E0      		ldi r24,lo8(2)
 230 00c8 8EBD      		out 78-32,r24
 231               	.LM39:
 232 00ca 96B9      		out 38-32,r25
 233               	.LM40:
 234 00cc 9798      		cbi 50-32,7
 235               	.LBB10:
 236               	.LBB11:
 237               	.LM41:
 238 00ce 9698      		cbi 50-32,6
 239               	.LBE11:
 240               	.LBE10:
 241               	.LM42:
 242 00d0 81E0      		ldi r24,lo8(1)
 243 00d2 61E0      		ldi r22,lo8(1)
 244 00d4 00D0      		rcall BackLED
 245               	.LM43:
 246 00d6 80E0      		ldi r24,lo8(0)
 247 00d8 60E0      		ldi r22,lo8(0)
 248 00da 00D0      		rcall BackLED
 249               	.LM44:
 250 00dc 81E0      		ldi r24,lo8(1)
 251 00de 00D0      		rcall StatusLED
 252               	.LBB12:
 253               	.LBB13:
 254               	.LM45:
 255 00e0 82B3      		in r24,50-32
 256 00e2 8F7C      		andi r24,lo8(-49)
 257 00e4 8062      		ori r24,lo8(32)
 258 00e6 82BB      		out 50-32,r24
 259               	.LM46:
 260 00e8 88B3      		in r24,56-32
 261 00ea 8F7C      		andi r24,lo8(-49)
 262 00ec 8062      		ori r24,lo8(32)
 263 00ee 88BB      		out 56-32,r24
 264               	.LBE13:
 265               	.LBE12:
 266               	.LBB14:
 267               	.LBB15:
 268               	.LM47:
 269 00f0 1BBC      		out (74)+1-32,__zero_reg__
 270 00f2 1ABC      		out 74-32,__zero_reg__
 271               	.LM48:
 272 00f4 19BC      		out (72)+1-32,__zero_reg__
 273 00f6 18BC      		out 72-32,__zero_reg__
 274               	.LBE15:
 275               	.LBE14:
 276               	.LM49:
 277               	/* #APP */
 278               	 ;  74 "asuro.c" 1
 279 00f8 7894      		sei
 280               	 ;  0 "" 2
 281               	/* epilogue start */
 282               	.LM50:
 283               	/* #NOAPP */
 284 00fa 0895      		ret
 285               	.LFE3:
GAS LISTING C:\Users\beege\AppData\Local\Temp/cccC5cb7.s 			page 6


 286               		.size	Init, .-Init
 287               	.global	LineData
 288               		.type	LineData, @function
 289               	LineData:
 290               	.LFB9:
 291               	.LM51:
 292               	.LVL11:
 293               	/* prologue: function */
 294               	/* frame size = 0 */
 295 00fc FC01      		movw r30,r24
 296               	.LM52:
 297 00fe 83E4      		ldi r24,lo8(67)
 298               	.LVL12:
 299 0100 87B9      		out 39-32,r24
 300               	.LM53:
 301 0102 369A      		sbi 38-32,6
 302               	.L25:
 303               	.LM54:
 304 0104 349B      		sbis 38-32,4
 305 0106 00C0      		rjmp .L25
 306               	.LM55:
 307 0108 349A      		sbi 38-32,4
 308               	.LM56:
 309 010a 34B1      		in r19,36-32
 310 010c 25B1      		in r18,37-32
 311 010e 922F      		mov r25,r18
 312 0110 80E0      		ldi r24,lo8(0)
 313 0112 830F      		add r24,r19
 314 0114 911D      		adc r25,__zero_reg__
 315 0116 9183      		std Z+1,r25
 316 0118 8083      		st Z,r24
 317               	.LM57:
 318 011a 82E4      		ldi r24,lo8(66)
 319 011c 87B9      		out 39-32,r24
 320               	.LM58:
 321 011e 369A      		sbi 38-32,6
 322               	.L26:
 323               	.LM59:
 324 0120 349B      		sbis 38-32,4
 325 0122 00C0      		rjmp .L26
 326               	.LM60:
 327 0124 349A      		sbi 38-32,4
 328               	.LM61:
 329 0126 34B1      		in r19,36-32
 330 0128 25B1      		in r18,37-32
 331 012a 922F      		mov r25,r18
 332 012c 80E0      		ldi r24,lo8(0)
 333 012e 830F      		add r24,r19
 334 0130 911D      		adc r25,__zero_reg__
 335 0132 9383      		std Z+3,r25
 336 0134 8283      		std Z+2,r24
 337               	/* epilogue start */
 338               	.LM62:
 339 0136 0895      		ret
 340               	.LFE9:
 341               		.size	LineData, .-LineData
 342               	.global	OdometrieData
GAS LISTING C:\Users\beege\AppData\Local\Temp/cccC5cb7.s 			page 7


 343               		.type	OdometrieData, @function
 344               	OdometrieData:
 345               	.LFB10:
 346               	.LM63:
 347               	.LVL13:
 348               	/* prologue: function */
 349               	/* frame size = 0 */
 350 0138 FC01      		movw r30,r24
 351               	.LM64:
 352 013a 84B3      		in r24,52-32
 353               	.LVL14:
 354 013c 8C7F      		andi r24,lo8(-4)
 355 013e 84BB      		out 52-32,r24
 356               	.LM65:
 357 0140 979A      		sbi 50-32,7
 358               	.LM66:
 359 0142 81E4      		ldi r24,lo8(65)
 360 0144 87B9      		out 39-32,r24
 361               	.LM67:
 362 0146 369A      		sbi 38-32,6
 363               	.L31:
 364               	.LM68:
 365 0148 349B      		sbis 38-32,4
 366 014a 00C0      		rjmp .L31
 367               	.LM69:
 368 014c 349A      		sbi 38-32,4
 369               	.LM70:
 370 014e 34B1      		in r19,36-32
 371 0150 25B1      		in r18,37-32
 372 0152 922F      		mov r25,r18
 373 0154 80E0      		ldi r24,lo8(0)
 374 0156 830F      		add r24,r19
 375 0158 911D      		adc r25,__zero_reg__
 376 015a 9183      		std Z+1,r25
 377 015c 8083      		st Z,r24
 378               	.LM71:
 379 015e 80E4      		ldi r24,lo8(64)
 380 0160 87B9      		out 39-32,r24
 381               	.LM72:
 382 0162 369A      		sbi 38-32,6
 383               	.L32:
 384               	.LM73:
 385 0164 349B      		sbis 38-32,4
 386 0166 00C0      		rjmp .L32
 387               	.LM74:
 388 0168 349A      		sbi 38-32,4
 389               	.LM75:
 390 016a 34B1      		in r19,36-32
 391 016c 25B1      		in r18,37-32
 392 016e 922F      		mov r25,r18
 393 0170 80E0      		ldi r24,lo8(0)
 394 0172 830F      		add r24,r19
 395 0174 911D      		adc r25,__zero_reg__
 396 0176 9383      		std Z+3,r25
 397 0178 8283      		std Z+2,r24
 398               	/* epilogue start */
 399               	.LM76:
GAS LISTING C:\Users\beege\AppData\Local\Temp/cccC5cb7.s 			page 8


 400 017a 0895      		ret
 401               	.LFE10:
 402               		.size	OdometrieData, .-OdometrieData
 403               	.global	SerWrite
 404               		.type	SerWrite, @function
 405               	SerWrite:
 406               	.LFB11:
 407               	.LM77:
 408               	.LVL15:
 409               	/* prologue: function */
 410               	/* frame size = 0 */
 411               	.LM78:
 412 017c 28E0      		ldi r18,lo8(8)
 413 017e 2AB9      		out 42-32,r18
 414 0180 FC01      		movw r30,r24
 415               	.LVL16:
 416 0182 00C0      		rjmp .L37
 417               	.L42:
 418               	.LM79:
 419 0184 5D9B      		sbis 43-32,5
 420 0186 00C0      		rjmp .L42
 421               	.LM80:
 422 0188 8191      		ld r24,Z+
 423 018a 8CB9      		out 44-32,r24
 424               	.LM81:
 425 018c 6150      		subi r22,lo8(-(-1))
 426               	.LVL17:
 427               	.L37:
 428               	.LM82:
 429 018e 6623      		tst r22
 430 0190 01F4      		brne .L42
 431               	.L41:
 432               	.LM83:
 433 0192 5E9B      		sbis 43-32,6
 434 0194 00C0      		rjmp .L41
 435               	/* epilogue start */
 436               	.LM84:
 437 0196 0895      		ret
 438               	.LFE11:
 439               		.size	SerWrite, .-SerWrite
 440               	.global	SerRead
 441               		.type	SerRead, @function
 442               	SerRead:
 443               	.LFB12:
 444               	.LM85:
 445               	.LVL18:
 446               	/* prologue: function */
 447               	/* frame size = 0 */
 448 0198 FC01      		movw r30,r24
 449               	.LM86:
 450 019a 80E1      		ldi r24,lo8(16)
 451               	.LVL19:
 452 019c 8AB9      		out 42-32,r24
 453               	.LM87:
 454 019e 4115      		cp r20,__zero_reg__
 455 01a0 5105      		cpc r21,__zero_reg__
 456 01a2 01F4      		brne .L46
GAS LISTING C:\Users\beege\AppData\Local\Temp/cccC5cb7.s 			page 9


 457 01a4 90E0      		ldi r25,lo8(0)
 458               	.LVL20:
 459 01a6 00C0      		rjmp .L47
 460               	.LVL21:
 461               	.L46:
 462 01a8 DF01      		movw r26,r30
 463 01aa 70E0      		ldi r23,lo8(0)
 464               	.LVL22:
 465 01ac 00C0      		rjmp .L48
 466               	.LVL23:
 467               	.L51:
 468               	.LM88:
 469 01ae 5F9B      		sbis 43-32,7
 470 01b0 00C0      		rjmp .L49
 471               	.LM89:
 472 01b2 8CB1      		in r24,44-32
 473 01b4 8D93      		st X+,r24
 474 01b6 7F5F      		subi r23,lo8(-(1))
 475               	.L48:
 476               	.LM90:
 477 01b8 7617      		cp r23,r22
 478 01ba 00F4      		brsh .L53
 479 01bc 20E0      		ldi r18,lo8(0)
 480 01be 30E0      		ldi r19,hi8(0)
 481               	.L49:
 482 01c0 2F5F      		subi r18,lo8(-(1))
 483 01c2 3F4F      		sbci r19,hi8(-(1))
 484 01c4 C901      		movw r24,r18
 485 01c6 0197      		sbiw r24,1
 486 01c8 8417      		cp r24,r20
 487 01ca 9507      		cpc r25,r21
 488 01cc 00F0      		brlo .L51
 489               	.LM91:
 490 01ce 4217      		cp r20,r18
 491 01d0 5307      		cpc r21,r19
 492 01d2 00F4      		brsh .L53
 493 01d4 84E5      		ldi r24,lo8(84)
 494 01d6 8083      		st Z,r24
 495 01d8 0895      		ret
 496               	.LVL24:
 497               	.L54:
 498               	.LM92:
 499 01da 5F9B      		sbis 43-32,7
 500 01dc 00C0      		rjmp .L54
 501               	.LM93:
 502 01de 8CB1      		in r24,44-32
 503 01e0 8193      		st Z+,r24
 504               	.LVL25:
 505 01e2 9F5F      		subi r25,lo8(-(1))
 506               	.LVL26:
 507               	.L47:
 508               	.LM94:
 509 01e4 9617      		cp r25,r22
 510 01e6 00F0      		brlo .L54
 511               	.LVL27:
 512               	.L53:
 513 01e8 0895      		ret
GAS LISTING C:\Users\beege\AppData\Local\Temp/cccC5cb7.s 			page 10


 514               	.LFE12:
 515               		.size	SerRead, .-SerRead
 516               	.global	PollSwitch
 517               		.type	PollSwitch, @function
 518               	PollSwitch:
 519               	.LFB13:
 520               	.LM95:
 521               	/* prologue: function */
 522               	/* frame size = 0 */
 523               	.LM96:
 524 01ea 8B9A      		sbi 49-32,3
 525               	.LM97:
 526 01ec 939A      		sbi 50-32,3
 527               	.LM98:
 528 01ee 84E4      		ldi r24,lo8(68)
 529 01f0 87B9      		out 39-32,r24
 530               	.LBB16:
 531               	.LBB17:
 532               	.LM99:
 533 01f2 1092 0000 		sts count72kHz,__zero_reg__
 534               	.L58:
 535               	.LM100:
 536 01f6 8091 0000 		lds r24,count72kHz
 537 01fa 8A30      		cpi r24,lo8(10)
 538 01fc 00F0      		brlo .L58
 539               	.LBE17:
 540               	.LBE16:
 541               	.LM101:
 542 01fe 369A      		sbi 38-32,6
 543               	.L59:
 544               	.LM102:
 545 0200 349B      		sbis 38-32,4
 546 0202 00C0      		rjmp .L59
 547               	.LM103:
 548 0204 349A      		sbi 38-32,4
 549               	.LM104:
 550 0206 34B1      		in r19,36-32
 551 0208 25B1      		in r18,37-32
 552               	.LM105:
 553 020a 9398      		cbi 50-32,3
 554 020c 722F      		mov r23,r18
 555 020e 60E0      		ldi r22,lo8(0)
 556 0210 630F      		add r22,r19
 557 0212 711D      		adc r23,__zero_reg__
 558 0214 80E0      		ldi r24,lo8(0)
 559 0216 90E0      		ldi r25,hi8(0)
 560 0218 00D0      		rcall __floatunsisf
 561 021a 9B01      		movw r18,r22
 562 021c AC01      		movw r20,r24
 563 021e 60E0      		ldi r22,lo8(0x44800000)
 564 0220 70E0      		ldi r23,hi8(0x44800000)
 565 0222 80E8      		ldi r24,hlo8(0x44800000)
 566 0224 94E4      		ldi r25,hhi8(0x44800000)
 567 0226 00D0      		rcall __divsf3
 568 0228 20E0      		ldi r18,lo8(0x3f800000)
 569 022a 30E0      		ldi r19,hi8(0x3f800000)
 570 022c 40E8      		ldi r20,hlo8(0x3f800000)
GAS LISTING C:\Users\beege\AppData\Local\Temp/cccC5cb7.s 			page 11


 571 022e 5FE3      		ldi r21,hhi8(0x3f800000)
 572 0230 00D0      		rcall __subsf3
 573 0232 20E0      		ldi r18,lo8(0x427c0000)
 574 0234 30E0      		ldi r19,hi8(0x427c0000)
 575 0236 4CE7      		ldi r20,hlo8(0x427c0000)
 576 0238 52E4      		ldi r21,hhi8(0x427c0000)
 577 023a 00D0      		rcall __mulsf3
 578 023c 20E0      		ldi r18,lo8(0x3f000000)
 579 023e 30E0      		ldi r19,hi8(0x3f000000)
 580 0240 40E0      		ldi r20,hlo8(0x3f000000)
 581 0242 5FE3      		ldi r21,hhi8(0x3f000000)
 582 0244 00D0      		rcall __addsf3
 583 0246 00D0      		rcall __fixunssfsi
 584 0248 DC01      		movw r26,r24
 585 024a CB01      		movw r24,r22
 586               	/* epilogue start */
 587               	.LM106:
 588 024c 0895      		ret
 589               	.LFE13:
 590               		.size	PollSwitch, .-PollSwitch
 591               	.global	StartSwitch
 592               		.type	StartSwitch, @function
 593               	StartSwitch:
 594               	.LFB14:
 595               	.LM107:
 596               	/* prologue: function */
 597               	/* frame size = 0 */
 598               	.LM108:
 599 024e 9398      		cbi 50-32,3
 600               	.LM109:
 601 0250 8B98      		cbi 49-32,3
 602               	.LM110:
 603 0252 85B7      		in r24,85-32
 604 0254 837F      		andi r24,lo8(-13)
 605 0256 85BF      		out 85-32,r24
 606               	.LM111:
 607 0258 8BB7      		in r24,91-32
 608 025a 8068      		ori r24,lo8(-128)
 609 025c 8BBF      		out 91-32,r24
 610               	/* epilogue start */
 611               	.LM112:
 612 025e 0895      		ret
 613               	.LFE14:
 614               		.size	StartSwitch, .-StartSwitch
 615               	.global	StopSwitch
 616               		.type	StopSwitch, @function
 617               	StopSwitch:
 618               	.LFB15:
 619               	.LM113:
 620               	/* prologue: function */
 621               	/* frame size = 0 */
 622               	.LM114:
 623 0260 8BB7      		in r24,91-32
 624 0262 8F77      		andi r24,lo8(127)
 625 0264 8BBF      		out 91-32,r24
 626               	/* epilogue start */
 627               	.LM115:
GAS LISTING C:\Users\beege\AppData\Local\Temp/cccC5cb7.s 			page 12


 628 0266 0895      		ret
 629               	.LFE15:
 630               		.size	StopSwitch, .-StopSwitch
 631               	.global	Sleep
 632               		.type	Sleep, @function
 633               	Sleep:
 634               	.LFB16:
 635               	.LM116:
 636               	.LVL28:
 637               	/* prologue: function */
 638               	/* frame size = 0 */
 639 0268 982F      		mov r25,r24
 640               	.LM117:
 641 026a 1092 0000 		sts count72kHz,__zero_reg__
 642               	.LVL29:
 643               	.L68:
 644               	.LM118:
 645 026e 8091 0000 		lds r24,count72kHz
 646 0272 8917      		cp r24,r25
 647 0274 00F0      		brlo .L68
 648               	/* epilogue start */
 649               	.LM119:
 650 0276 0895      		ret
 651               	.LFE16:
 652               		.size	Sleep, .-Sleep
 653               		.comm count72kHz,1,1
 654               		.section	.debug_frame,"",@progbits
 655               	.Lframe0:
 656 0000 0C00 0000 		.long	.LECIE0-.LSCIE0
 657               	.LSCIE0:
 658 0004 FFFF FFFF 		.long	0xffffffff
 659 0008 01        		.byte	0x1
 660 0009 00        		.string	""
 661 000a 01        		.uleb128 0x1
 662 000b 7F        		.sleb128 -1
 663 000c 24        		.byte	0x24
 664 000d 0C        		.byte	0xc
 665 000e 20        		.uleb128 0x20
 666 000f 00        		.uleb128 0x0
 667               		.p2align	2
 668               	.LECIE0:
 669               	.LSFDE0:
 670 0010 0C00 0000 		.long	.LEFDE0-.LASFDE0
 671               	.LASFDE0:
 672 0014 0000 0000 		.long	.Lframe0
 673 0018 0000 0000 		.long	.LFB2
 674 001c 2200 0000 		.long	.LFE2-.LFB2
 675               		.p2align	2
 676               	.LEFDE0:
 677               	.LSFDE2:
 678 0020 0C00 0000 		.long	.LEFDE2-.LASFDE2
 679               	.LASFDE2:
 680 0024 0000 0000 		.long	.Lframe0
 681 0028 0000 0000 		.long	.LFB4
 682 002c 0E00 0000 		.long	.LFE4-.LFB4
 683               		.p2align	2
 684               	.LEFDE2:
GAS LISTING C:\Users\beege\AppData\Local\Temp/cccC5cb7.s 			page 13


 685               	.LSFDE4:
 686 0030 0C00 0000 		.long	.LEFDE4-.LASFDE4
 687               	.LASFDE4:
 688 0034 0000 0000 		.long	.Lframe0
 689 0038 0000 0000 		.long	.LFB5
 690 003c 1200 0000 		.long	.LFE5-.LFB5
 691               		.p2align	2
 692               	.LEFDE4:
 693               	.LSFDE6:
 694 0040 0C00 0000 		.long	.LEFDE6-.LASFDE6
 695               	.LASFDE6:
 696 0044 0000 0000 		.long	.Lframe0
 697 0048 0000 0000 		.long	.LFB6
 698 004c 2600 0000 		.long	.LFE6-.LFB6
 699               		.p2align	2
 700               	.LEFDE6:
 701               	.LSFDE8:
 702 0050 0C00 0000 		.long	.LEFDE8-.LASFDE8
 703               	.LASFDE8:
 704 0054 0000 0000 		.long	.Lframe0
 705 0058 0000 0000 		.long	.LFB7
 706 005c 1200 0000 		.long	.LFE7-.LFB7
 707               		.p2align	2
 708               	.LEFDE8:
 709               	.LSFDE10:
 710 0060 0C00 0000 		.long	.LEFDE10-.LASFDE10
 711               	.LASFDE10:
 712 0064 0000 0000 		.long	.Lframe0
 713 0068 0000 0000 		.long	.LFB8
 714 006c 2600 0000 		.long	.LFE8-.LFB8
 715               		.p2align	2
 716               	.LEFDE10:
 717               	.LSFDE12:
 718 0070 0C00 0000 		.long	.LEFDE12-.LASFDE12
 719               	.LASFDE12:
 720 0074 0000 0000 		.long	.Lframe0
 721 0078 0000 0000 		.long	.LFB3
 722 007c 5C00 0000 		.long	.LFE3-.LFB3
 723               		.p2align	2
 724               	.LEFDE12:
 725               	.LSFDE14:
 726 0080 0C00 0000 		.long	.LEFDE14-.LASFDE14
 727               	.LASFDE14:
 728 0084 0000 0000 		.long	.Lframe0
 729 0088 0000 0000 		.long	.LFB9
 730 008c 3C00 0000 		.long	.LFE9-.LFB9
 731               		.p2align	2
 732               	.LEFDE14:
 733               	.LSFDE16:
 734 0090 0C00 0000 		.long	.LEFDE16-.LASFDE16
 735               	.LASFDE16:
 736 0094 0000 0000 		.long	.Lframe0
 737 0098 0000 0000 		.long	.LFB10
 738 009c 4400 0000 		.long	.LFE10-.LFB10
 739               		.p2align	2
 740               	.LEFDE16:
 741               	.LSFDE18:
GAS LISTING C:\Users\beege\AppData\Local\Temp/cccC5cb7.s 			page 14


 742 00a0 0C00 0000 		.long	.LEFDE18-.LASFDE18
 743               	.LASFDE18:
 744 00a4 0000 0000 		.long	.Lframe0
 745 00a8 0000 0000 		.long	.LFB11
 746 00ac 1C00 0000 		.long	.LFE11-.LFB11
 747               		.p2align	2
 748               	.LEFDE18:
 749               	.LSFDE20:
 750 00b0 0C00 0000 		.long	.LEFDE20-.LASFDE20
 751               	.LASFDE20:
 752 00b4 0000 0000 		.long	.Lframe0
 753 00b8 0000 0000 		.long	.LFB12
 754 00bc 5200 0000 		.long	.LFE12-.LFB12
 755               		.p2align	2
 756               	.LEFDE20:
 757               	.LSFDE22:
 758 00c0 0C00 0000 		.long	.LEFDE22-.LASFDE22
 759               	.LASFDE22:
 760 00c4 0000 0000 		.long	.Lframe0
 761 00c8 0000 0000 		.long	.LFB13
 762 00cc 6400 0000 		.long	.LFE13-.LFB13
 763               		.p2align	2
 764               	.LEFDE22:
 765               	.LSFDE24:
 766 00d0 0C00 0000 		.long	.LEFDE24-.LASFDE24
 767               	.LASFDE24:
 768 00d4 0000 0000 		.long	.Lframe0
 769 00d8 0000 0000 		.long	.LFB14
 770 00dc 1200 0000 		.long	.LFE14-.LFB14
 771               		.p2align	2
 772               	.LEFDE24:
 773               	.LSFDE26:
 774 00e0 0C00 0000 		.long	.LEFDE26-.LASFDE26
 775               	.LASFDE26:
 776 00e4 0000 0000 		.long	.Lframe0
 777 00e8 0000 0000 		.long	.LFB15
 778 00ec 0800 0000 		.long	.LFE15-.LFB15
 779               		.p2align	2
 780               	.LEFDE26:
 781               	.LSFDE28:
 782 00f0 0C00 0000 		.long	.LEFDE28-.LASFDE28
 783               	.LASFDE28:
 784 00f4 0000 0000 		.long	.Lframe0
 785 00f8 0000 0000 		.long	.LFB16
 786 00fc 1000 0000 		.long	.LFE16-.LFB16
 787               		.p2align	2
 788               	.LEFDE28:
 789               		.text
 790               	.Letext0:
 791               		.section	.debug_loc,"",@progbits
 792               	.Ldebug_loc0:
 793               	.LLST2:
 794 0000 2200 0000 		.long	.LVL0-.Ltext0
 795 0004 2800 0000 		.long	.LVL1-.Ltext0
 796 0008 0100      		.word	0x1
 797 000a 68        		.byte	0x68
 798 000b 0000 0000 		.long	0x0
GAS LISTING C:\Users\beege\AppData\Local\Temp/cccC5cb7.s 			page 15


 799 000f 0000 0000 		.long	0x0
 800               	.LLST3:
 801 0013 2200 0000 		.long	.LVL0-.Ltext0
 802 0017 2E00 0000 		.long	.LVL2-.Ltext0
 803 001b 0100      		.word	0x1
 804 001d 66        		.byte	0x66
 805 001e 0000 0000 		.long	0x0
 806 0022 0000 0000 		.long	0x0
 807               	.LLST5:
 808 0026 3000 0000 		.long	.LVL3-.Ltext0
 809 002a 3A00 0000 		.long	.LVL4-.Ltext0
 810 002e 0100      		.word	0x1
 811 0030 68        		.byte	0x68
 812 0031 0000 0000 		.long	0x0
 813 0035 0000 0000 		.long	0x0
 814               	.LLST8:
 815 0039 6800 0000 		.long	.LVL6-.Ltext0
 816 003d 6C00 0000 		.long	.LVL7-.Ltext0
 817 0041 0100      		.word	0x1
 818 0043 68        		.byte	0x68
 819 0044 0000 0000 		.long	0x0
 820 0048 0000 0000 		.long	0x0
 821               	.LLST10:
 822 004c 7A00 0000 		.long	.LVL8-.Ltext0
 823 0050 8800 0000 		.long	.LVL9-.Ltext0
 824 0054 0100      		.word	0x1
 825 0056 68        		.byte	0x68
 826 0057 8800 0000 		.long	.LVL9-.Ltext0
 827 005b A000 0000 		.long	.LFE8-.Ltext0
 828 005f 0100      		.word	0x1
 829 0061 69        		.byte	0x69
 830 0062 0000 0000 		.long	0x0
 831 0066 0000 0000 		.long	0x0
 832               	.LLST13:
 833 006a FC00 0000 		.long	.LVL11-.Ltext0
 834 006e 0001 0000 		.long	.LVL12-.Ltext0
 835 0072 0600      		.word	0x6
 836 0074 68        		.byte	0x68
 837 0075 93        		.byte	0x93
 838 0076 01        		.uleb128 0x1
 839 0077 69        		.byte	0x69
 840 0078 93        		.byte	0x93
 841 0079 01        		.uleb128 0x1
 842 007a 0001 0000 		.long	.LVL12-.Ltext0
 843 007e 3801 0000 		.long	.LFE9-.Ltext0
 844 0082 0600      		.word	0x6
 845 0084 6E        		.byte	0x6e
 846 0085 93        		.byte	0x93
 847 0086 01        		.uleb128 0x1
 848 0087 6F        		.byte	0x6f
 849 0088 93        		.byte	0x93
 850 0089 01        		.uleb128 0x1
 851 008a 0000 0000 		.long	0x0
 852 008e 0000 0000 		.long	0x0
 853               	.LLST15:
 854 0092 3801 0000 		.long	.LVL13-.Ltext0
 855 0096 3C01 0000 		.long	.LVL14-.Ltext0
GAS LISTING C:\Users\beege\AppData\Local\Temp/cccC5cb7.s 			page 16


 856 009a 0600      		.word	0x6
 857 009c 68        		.byte	0x68
 858 009d 93        		.byte	0x93
 859 009e 01        		.uleb128 0x1
 860 009f 69        		.byte	0x69
 861 00a0 93        		.byte	0x93
 862 00a1 01        		.uleb128 0x1
 863 00a2 3C01 0000 		.long	.LVL14-.Ltext0
 864 00a6 7C01 0000 		.long	.LFE10-.Ltext0
 865 00aa 0600      		.word	0x6
 866 00ac 6E        		.byte	0x6e
 867 00ad 93        		.byte	0x93
 868 00ae 01        		.uleb128 0x1
 869 00af 6F        		.byte	0x6f
 870 00b0 93        		.byte	0x93
 871 00b1 01        		.uleb128 0x1
 872 00b2 0000 0000 		.long	0x0
 873 00b6 0000 0000 		.long	0x0
 874               	.LLST17:
 875 00ba 7C01 0000 		.long	.LVL15-.Ltext0
 876 00be 8201 0000 		.long	.LVL16-.Ltext0
 877 00c2 0600      		.word	0x6
 878 00c4 68        		.byte	0x68
 879 00c5 93        		.byte	0x93
 880 00c6 01        		.uleb128 0x1
 881 00c7 69        		.byte	0x69
 882 00c8 93        		.byte	0x93
 883 00c9 01        		.uleb128 0x1
 884 00ca 0000 0000 		.long	0x0
 885 00ce 0000 0000 		.long	0x0
 886               	.LLST19:
 887 00d2 9801 0000 		.long	.LVL18-.Ltext0
 888 00d6 9C01 0000 		.long	.LVL19-.Ltext0
 889 00da 0600      		.word	0x6
 890 00dc 68        		.byte	0x68
 891 00dd 93        		.byte	0x93
 892 00de 01        		.uleb128 0x1
 893 00df 69        		.byte	0x69
 894 00e0 93        		.byte	0x93
 895 00e1 01        		.uleb128 0x1
 896 00e2 9C01 0000 		.long	.LVL19-.Ltext0
 897 00e6 E201 0000 		.long	.LVL25-.Ltext0
 898 00ea 0600      		.word	0x6
 899 00ec 6E        		.byte	0x6e
 900 00ed 93        		.byte	0x93
 901 00ee 01        		.uleb128 0x1
 902 00ef 6F        		.byte	0x6f
 903 00f0 93        		.byte	0x93
 904 00f1 01        		.uleb128 0x1
 905 00f2 E401 0000 		.long	.LVL26-.Ltext0
 906 00f6 EA01 0000 		.long	.LFE12-.Ltext0
 907 00fa 0600      		.word	0x6
 908 00fc 6E        		.byte	0x6e
 909 00fd 93        		.byte	0x93
 910 00fe 01        		.uleb128 0x1
 911 00ff 6F        		.byte	0x6f
 912 0100 93        		.byte	0x93
GAS LISTING C:\Users\beege\AppData\Local\Temp/cccC5cb7.s 			page 17


 913 0101 01        		.uleb128 0x1
 914 0102 0000 0000 		.long	0x0
 915 0106 0000 0000 		.long	0x0
 916               	.LLST20:
 917 010a A601 0000 		.long	.LVL20-.Ltext0
 918 010e A801 0000 		.long	.LVL21-.Ltext0
 919 0112 0100      		.word	0x1
 920 0114 69        		.byte	0x69
 921 0115 AC01 0000 		.long	.LVL22-.Ltext0
 922 0119 DA01 0000 		.long	.LVL24-.Ltext0
 923 011d 0100      		.word	0x1
 924 011f 67        		.byte	0x67
 925 0120 DA01 0000 		.long	.LVL24-.Ltext0
 926 0124 E801 0000 		.long	.LVL27-.Ltext0
 927 0128 0100      		.word	0x1
 928 012a 69        		.byte	0x69
 929 012b E801 0000 		.long	.LVL27-.Ltext0
 930 012f EA01 0000 		.long	.LFE12-.Ltext0
 931 0133 0100      		.word	0x1
 932 0135 67        		.byte	0x67
 933 0136 0000 0000 		.long	0x0
 934 013a 0000 0000 		.long	0x0
 935               	.LLST21:
 936 013e AE01 0000 		.long	.LVL23-.Ltext0
 937 0142 DA01 0000 		.long	.LVL24-.Ltext0
 938 0146 0600      		.word	0x6
 939 0148 62        		.byte	0x62
 940 0149 93        		.byte	0x93
 941 014a 01        		.uleb128 0x1
 942 014b 63        		.byte	0x63
 943 014c 93        		.byte	0x93
 944 014d 01        		.uleb128 0x1
 945 014e E801 0000 		.long	.LVL27-.Ltext0
 946 0152 EA01 0000 		.long	.LFE12-.Ltext0
 947 0156 0600      		.word	0x6
 948 0158 62        		.byte	0x62
 949 0159 93        		.byte	0x93
 950 015a 01        		.uleb128 0x1
 951 015b 63        		.byte	0x63
 952 015c 93        		.byte	0x93
 953 015d 01        		.uleb128 0x1
 954 015e 0000 0000 		.long	0x0
 955 0162 0000 0000 		.long	0x0
 956               	.LLST26:
 957 0166 6802 0000 		.long	.LVL28-.Ltext0
 958 016a 6E02 0000 		.long	.LVL29-.Ltext0
 959 016e 0100      		.word	0x1
 960 0170 68        		.byte	0x68
 961 0171 6E02 0000 		.long	.LVL29-.Ltext0
 962 0175 7802 0000 		.long	.LFE16-.Ltext0
 963 0179 0100      		.word	0x1
 964 017b 69        		.byte	0x69
 965 017c 0000 0000 		.long	0x0
 966 0180 0000 0000 		.long	0x0
 967               		.section	.debug_info
 968 0000 AA03 0000 		.long	0x3aa
 969 0004 0200      		.word	0x2
GAS LISTING C:\Users\beege\AppData\Local\Temp/cccC5cb7.s 			page 18


 970 0006 0000 0000 		.long	.Ldebug_abbrev0
 971 000a 04        		.byte	0x4
 972 000b 01        		.uleb128 0x1
 973 000c 0000 0000 		.long	.LASF34
 974 0010 01        		.byte	0x1
 975 0011 0000 0000 		.long	.LASF35
 976 0015 0000 0000 		.long	.LASF36
 977 0019 0000 0000 		.long	.Ltext0
 978 001d 0000 0000 		.long	.Letext0
 979 0021 0000 0000 		.long	.Ldebug_line0
 980 0025 02        		.uleb128 0x2
 981 0026 01        		.byte	0x1
 982 0027 06        		.byte	0x6
 983 0028 0000 0000 		.long	.LASF0
 984 002c 02        		.uleb128 0x2
 985 002d 01        		.byte	0x1
 986 002e 08        		.byte	0x8
 987 002f 0000 0000 		.long	.LASF1
 988 0033 03        		.uleb128 0x3
 989 0034 02        		.byte	0x2
 990 0035 05        		.byte	0x5
 991 0036 696E 7400 		.string	"int"
 992 003a 02        		.uleb128 0x2
 993 003b 02        		.byte	0x2
 994 003c 07        		.byte	0x7
 995 003d 0000 0000 		.long	.LASF2
 996 0041 02        		.uleb128 0x2
 997 0042 04        		.byte	0x4
 998 0043 05        		.byte	0x5
 999 0044 0000 0000 		.long	.LASF3
 1000 0048 02        		.uleb128 0x2
 1001 0049 04        		.byte	0x4
 1002 004a 07        		.byte	0x7
 1003 004b 0000 0000 		.long	.LASF4
 1004 004f 02        		.uleb128 0x2
 1005 0050 08        		.byte	0x8
 1006 0051 05        		.byte	0x5
 1007 0052 0000 0000 		.long	.LASF5
 1008 0056 02        		.uleb128 0x2
 1009 0057 08        		.byte	0x8
 1010 0058 07        		.byte	0x7
 1011 0059 0000 0000 		.long	.LASF6
 1012 005d 04        		.uleb128 0x4
 1013 005e 01        		.byte	0x1
 1014 005f 0000 0000 		.long	.LASF7
 1015 0063 01        		.byte	0x1
 1016 0064 6A        		.byte	0x6a
 1017 0065 01        		.byte	0x1
 1018 0066 03        		.byte	0x3
 1019 0067 7700 0000 		.long	0x77
 1020 006b 05        		.uleb128 0x5
 1021 006c 0000 0000 		.long	.LASF9
 1022 0070 01        		.byte	0x1
 1023 0071 69        		.byte	0x69
 1024 0072 2C00 0000 		.long	0x2c
 1025 0076 00        		.byte	0x0
 1026 0077 04        		.uleb128 0x4
GAS LISTING C:\Users\beege\AppData\Local\Temp/cccC5cb7.s 			page 19


 1027 0078 01        		.byte	0x1
 1028 0079 0000 0000 		.long	.LASF8
 1029 007d 01        		.byte	0x1
 1030 007e 56        		.byte	0x56
 1031 007f 01        		.byte	0x1
 1032 0080 03        		.byte	0x3
 1033 0081 9C00 0000 		.long	0x9c
 1034 0085 05        		.uleb128 0x5
 1035 0086 0000 0000 		.long	.LASF10
 1036 008a 01        		.byte	0x1
 1037 008b 55        		.byte	0x55
 1038 008c 2C00 0000 		.long	0x2c
 1039 0090 05        		.uleb128 0x5
 1040 0091 0000 0000 		.long	.LASF11
 1041 0095 01        		.byte	0x1
 1042 0096 55        		.byte	0x55
 1043 0097 2C00 0000 		.long	0x2c
 1044 009b 00        		.byte	0x0
 1045 009c 04        		.uleb128 0x4
 1046 009d 01        		.byte	0x1
 1047 009e 0000 0000 		.long	.LASF12
 1048 00a2 01        		.byte	0x1
 1049 00a3 4F        		.byte	0x4f
 1050 00a4 01        		.byte	0x1
 1051 00a5 03        		.byte	0x3
 1052 00a6 C100 0000 		.long	0xc1
 1053 00aa 05        		.uleb128 0x5
 1054 00ab 0000 0000 		.long	.LASF13
 1055 00af 01        		.byte	0x1
 1056 00b0 4E        		.byte	0x4e
 1057 00b1 2C00 0000 		.long	0x2c
 1058 00b5 05        		.uleb128 0x5
 1059 00b6 0000 0000 		.long	.LASF14
 1060 00ba 01        		.byte	0x1
 1061 00bb 4E        		.byte	0x4e
 1062 00bc 2C00 0000 		.long	0x2c
 1063 00c0 00        		.byte	0x0
 1064 00c1 04        		.uleb128 0x4
 1065 00c2 01        		.byte	0x1
 1066 00c3 0000 0000 		.long	.LASF15
 1067 00c7 01        		.byte	0x1
 1068 00c8 EB        		.byte	0xeb
 1069 00c9 01        		.byte	0x1
 1070 00ca 01        		.byte	0x1
 1071 00cb DB00 0000 		.long	0xdb
 1072 00cf 05        		.uleb128 0x5
 1073 00d0 0000 0000 		.long	.LASF16
 1074 00d4 01        		.byte	0x1
 1075 00d5 EA        		.byte	0xea
 1076 00d6 2C00 0000 		.long	0x2c
 1077 00da 00        		.byte	0x0
 1078 00db 06        		.uleb128 0x6
 1079 00dc 01        		.byte	0x1
 1080 00dd 0000 0000 		.long	.LASF31
 1081 00e1 01        		.byte	0x1
 1082 00e2 23        		.byte	0x23
 1083 00e3 01        		.byte	0x1
GAS LISTING C:\Users\beege\AppData\Local\Temp/cccC5cb7.s 			page 20


 1084 00e4 0000 0000 		.long	.LFB2
 1085 00e8 0000 0000 		.long	.LFE2
 1086 00ec 02        		.byte	0x2
 1087 00ed 90        		.byte	0x90
 1088 00ee 20        		.uleb128 0x20
 1089 00ef 07        		.uleb128 0x7
 1090 00f0 9C00 0000 		.long	0x9c
 1091 00f4 0000 0000 		.long	.LFB4
 1092 00f8 0000 0000 		.long	.LFE4
 1093 00fc 02        		.byte	0x2
 1094 00fd 90        		.byte	0x90
 1095 00fe 20        		.uleb128 0x20
 1096 00ff 1601 0000 		.long	0x116
 1097 0103 08        		.uleb128 0x8
 1098 0104 AA00 0000 		.long	0xaa
 1099 0108 0000 0000 		.long	.LLST2
 1100 010c 08        		.uleb128 0x8
 1101 010d B500 0000 		.long	0xb5
 1102 0111 0000 0000 		.long	.LLST3
 1103 0115 00        		.byte	0x0
 1104 0116 07        		.uleb128 0x7
 1105 0117 7700 0000 		.long	0x77
 1106 011b 0000 0000 		.long	.LFB5
 1107 011f 0000 0000 		.long	.LFE5
 1108 0123 02        		.byte	0x2
 1109 0124 90        		.byte	0x90
 1110 0125 20        		.uleb128 0x20
 1111 0126 3B01 0000 		.long	0x13b
 1112 012a 08        		.uleb128 0x8
 1113 012b 8500 0000 		.long	0x85
 1114 012f 0000 0000 		.long	.LLST5
 1115 0133 09        		.uleb128 0x9
 1116 0134 9000 0000 		.long	0x90
 1117 0138 01        		.byte	0x1
 1118 0139 66        		.byte	0x66
 1119 013a 00        		.byte	0x0
 1120 013b 0A        		.uleb128 0xa
 1121 013c 01        		.byte	0x1
 1122 013d 0000 0000 		.long	.LASF17
 1123 0141 01        		.byte	0x1
 1124 0142 5F        		.byte	0x5f
 1125 0143 01        		.byte	0x1
 1126 0144 0000 0000 		.long	.LFB6
 1127 0148 0000 0000 		.long	.LFE6
 1128 014c 02        		.byte	0x2
 1129 014d 90        		.byte	0x90
 1130 014e 20        		.uleb128 0x20
 1131 014f 6101 0000 		.long	0x161
 1132 0153 0B        		.uleb128 0xb
 1133 0154 0000 0000 		.long	.LASF19
 1134 0158 01        		.byte	0x1
 1135 0159 5E        		.byte	0x5e
 1136 015a 2C00 0000 		.long	0x2c
 1137 015e 01        		.byte	0x1
 1138 015f 68        		.byte	0x68
 1139 0160 00        		.byte	0x0
 1140 0161 07        		.uleb128 0x7
GAS LISTING C:\Users\beege\AppData\Local\Temp/cccC5cb7.s 			page 21


 1141 0162 5D00 0000 		.long	0x5d
 1142 0166 0000 0000 		.long	.LFB7
 1143 016a 0000 0000 		.long	.LFE7
 1144 016e 02        		.byte	0x2
 1145 016f 90        		.byte	0x90
 1146 0170 20        		.uleb128 0x20
 1147 0171 7F01 0000 		.long	0x17f
 1148 0175 08        		.uleb128 0x8
 1149 0176 6B00 0000 		.long	0x6b
 1150 017a 0000 0000 		.long	.LLST8
 1151 017e 00        		.byte	0x0
 1152 017f 0A        		.uleb128 0xa
 1153 0180 01        		.byte	0x1
 1154 0181 0000 0000 		.long	.LASF18
 1155 0185 01        		.byte	0x1
 1156 0186 72        		.byte	0x72
 1157 0187 01        		.byte	0x1
 1158 0188 0000 0000 		.long	.LFB8
 1159 018c 0000 0000 		.long	.LFE8
 1160 0190 02        		.byte	0x2
 1161 0191 90        		.byte	0x90
 1162 0192 20        		.uleb128 0x20
 1163 0193 B401 0000 		.long	0x1b4
 1164 0197 0C        		.uleb128 0xc
 1165 0198 0000 0000 		.long	.LASF20
 1166 019c 01        		.byte	0x1
 1167 019d 71        		.byte	0x71
 1168 019e 2C00 0000 		.long	0x2c
 1169 01a2 0000 0000 		.long	.LLST10
 1170 01a6 0B        		.uleb128 0xb
 1171 01a7 0000 0000 		.long	.LASF21
 1172 01ab 01        		.byte	0x1
 1173 01ac 71        		.byte	0x71
 1174 01ad 2C00 0000 		.long	0x2c
 1175 01b1 01        		.byte	0x1
 1176 01b2 66        		.byte	0x66
 1177 01b3 00        		.byte	0x0
 1178 01b4 0A        		.uleb128 0xa
 1179 01b5 01        		.byte	0x1
 1180 01b6 0000 0000 		.long	.LASF22
 1181 01ba 01        		.byte	0x1
 1182 01bb 29        		.byte	0x29
 1183 01bc 01        		.byte	0x1
 1184 01bd 0000 0000 		.long	.LFB3
 1185 01c1 0000 0000 		.long	.LFE3
 1186 01c5 02        		.byte	0x2
 1187 01c6 90        		.byte	0x90
 1188 01c7 20        		.uleb128 0x20
 1189 01c8 1E02 0000 		.long	0x21e
 1190 01cc 0D        		.uleb128 0xd
 1191 01cd 5D00 0000 		.long	0x5d
 1192 01d1 0000 0000 		.long	.LBB10
 1193 01d5 0000 0000 		.long	.LBE10
 1194 01d9 01        		.byte	0x1
 1195 01da 43        		.byte	0x43
 1196 01db E501 0000 		.long	0x1e5
 1197 01df 0E        		.uleb128 0xe
GAS LISTING C:\Users\beege\AppData\Local\Temp/cccC5cb7.s 			page 22


 1198 01e0 7501 0000 		.long	0x175
 1199 01e4 00        		.byte	0x0
 1200 01e5 0D        		.uleb128 0xd
 1201 01e6 7700 0000 		.long	0x77
 1202 01ea 0000 0000 		.long	.LBB12
 1203 01ee 0000 0000 		.long	.LBE12
 1204 01f2 01        		.byte	0x1
 1205 01f3 48        		.byte	0x48
 1206 01f4 0302 0000 		.long	0x203
 1207 01f8 0E        		.uleb128 0xe
 1208 01f9 3301 0000 		.long	0x133
 1209 01fd 0E        		.uleb128 0xe
 1210 01fe 2A01 0000 		.long	0x12a
 1211 0202 00        		.byte	0x0
 1212 0203 0F        		.uleb128 0xf
 1213 0204 9C00 0000 		.long	0x9c
 1214 0208 0000 0000 		.long	.LBB14
 1215 020c 0000 0000 		.long	.LBE14
 1216 0210 01        		.byte	0x1
 1217 0211 49        		.byte	0x49
 1218 0212 0E        		.uleb128 0xe
 1219 0213 0C01 0000 		.long	0x10c
 1220 0217 0E        		.uleb128 0xe
 1221 0218 0301 0000 		.long	0x103
 1222 021c 00        		.byte	0x0
 1223 021d 00        		.byte	0x0
 1224 021e 0A        		.uleb128 0xa
 1225 021f 01        		.byte	0x1
 1226 0220 0000 0000 		.long	.LASF23
 1227 0224 01        		.byte	0x1
 1228 0225 7E        		.byte	0x7e
 1229 0226 01        		.byte	0x1
 1230 0227 0000 0000 		.long	.LFB9
 1231 022b 0000 0000 		.long	.LFE9
 1232 022f 02        		.byte	0x2
 1233 0230 90        		.byte	0x90
 1234 0231 20        		.uleb128 0x20
 1235 0232 4602 0000 		.long	0x246
 1236 0236 0C        		.uleb128 0xc
 1237 0237 0000 0000 		.long	.LASF24
 1238 023b 01        		.byte	0x1
 1239 023c 7D        		.byte	0x7d
 1240 023d 4602 0000 		.long	0x246
 1241 0241 0000 0000 		.long	.LLST13
 1242 0245 00        		.byte	0x0
 1243 0246 10        		.uleb128 0x10
 1244 0247 02        		.byte	0x2
 1245 0248 3A00 0000 		.long	0x3a
 1246 024c 0A        		.uleb128 0xa
 1247 024d 01        		.byte	0x1
 1248 024e 0000 0000 		.long	.LASF25
 1249 0252 01        		.byte	0x1
 1250 0253 8E        		.byte	0x8e
 1251 0254 01        		.byte	0x1
 1252 0255 0000 0000 		.long	.LFB10
 1253 0259 0000 0000 		.long	.LFE10
 1254 025d 02        		.byte	0x2
GAS LISTING C:\Users\beege\AppData\Local\Temp/cccC5cb7.s 			page 23


 1255 025e 90        		.byte	0x90
 1256 025f 20        		.uleb128 0x20
 1257 0260 7402 0000 		.long	0x274
 1258 0264 0C        		.uleb128 0xc
 1259 0265 0000 0000 		.long	.LASF24
 1260 0269 01        		.byte	0x1
 1261 026a 8D        		.byte	0x8d
 1262 026b 4602 0000 		.long	0x246
 1263 026f 0000 0000 		.long	.LLST15
 1264 0273 00        		.byte	0x0
 1265 0274 0A        		.uleb128 0xa
 1266 0275 01        		.byte	0x1
 1267 0276 0000 0000 		.long	.LASF26
 1268 027a 01        		.byte	0x1
 1269 027b A1        		.byte	0xa1
 1270 027c 01        		.byte	0x1
 1271 027d 0000 0000 		.long	.LFB11
 1272 0281 0000 0000 		.long	.LFE11
 1273 0285 02        		.byte	0x2
 1274 0286 90        		.byte	0x90
 1275 0287 20        		.uleb128 0x20
 1276 0288 B202 0000 		.long	0x2b2
 1277 028c 0C        		.uleb128 0xc
 1278 028d 0000 0000 		.long	.LASF24
 1279 0291 01        		.byte	0x1
 1280 0292 A0        		.byte	0xa0
 1281 0293 B202 0000 		.long	0x2b2
 1282 0297 0000 0000 		.long	.LLST17
 1283 029b 0B        		.uleb128 0xb
 1284 029c 0000 0000 		.long	.LASF27
 1285 02a0 01        		.byte	0x1
 1286 02a1 A0        		.byte	0xa0
 1287 02a2 2C00 0000 		.long	0x2c
 1288 02a6 01        		.byte	0x1
 1289 02a7 66        		.byte	0x66
 1290 02a8 11        		.uleb128 0x11
 1291 02a9 6900      		.string	"i"
 1292 02ab 01        		.byte	0x1
 1293 02ac A2        		.byte	0xa2
 1294 02ad 2C00 0000 		.long	0x2c
 1295 02b1 00        		.byte	0x0
 1296 02b2 10        		.uleb128 0x10
 1297 02b3 02        		.byte	0x2
 1298 02b4 2C00 0000 		.long	0x2c
 1299 02b8 0A        		.uleb128 0xa
 1300 02b9 01        		.byte	0x1
 1301 02ba 0000 0000 		.long	.LASF28
 1302 02be 01        		.byte	0x1
 1303 02bf B0        		.byte	0xb0
 1304 02c0 01        		.byte	0x1
 1305 02c1 0000 0000 		.long	.LFB12
 1306 02c5 0000 0000 		.long	.LFE12
 1307 02c9 02        		.byte	0x2
 1308 02ca 90        		.byte	0x90
 1309 02cb 20        		.uleb128 0x20
 1310 02cc 1B03 0000 		.long	0x31b
 1311 02d0 0C        		.uleb128 0xc
GAS LISTING C:\Users\beege\AppData\Local\Temp/cccC5cb7.s 			page 24


 1312 02d1 0000 0000 		.long	.LASF24
 1313 02d5 01        		.byte	0x1
 1314 02d6 AF        		.byte	0xaf
 1315 02d7 B202 0000 		.long	0x2b2
 1316 02db 0000 0000 		.long	.LLST19
 1317 02df 0B        		.uleb128 0xb
 1318 02e0 0000 0000 		.long	.LASF27
 1319 02e4 01        		.byte	0x1
 1320 02e5 AF        		.byte	0xaf
 1321 02e6 2C00 0000 		.long	0x2c
 1322 02ea 01        		.byte	0x1
 1323 02eb 66        		.byte	0x66
 1324 02ec 0B        		.uleb128 0xb
 1325 02ed 0000 0000 		.long	.LASF29
 1326 02f1 01        		.byte	0x1
 1327 02f2 AF        		.byte	0xaf
 1328 02f3 3A00 0000 		.long	0x3a
 1329 02f7 06        		.byte	0x6
 1330 02f8 64        		.byte	0x64
 1331 02f9 93        		.byte	0x93
 1332 02fa 01        		.uleb128 0x1
 1333 02fb 65        		.byte	0x65
 1334 02fc 93        		.byte	0x93
 1335 02fd 01        		.uleb128 0x1
 1336 02fe 12        		.uleb128 0x12
 1337 02ff 6900      		.string	"i"
 1338 0301 01        		.byte	0x1
 1339 0302 B1        		.byte	0xb1
 1340 0303 2C00 0000 		.long	0x2c
 1341 0307 0000 0000 		.long	.LLST20
 1342 030b 13        		.uleb128 0x13
 1343 030c 0000 0000 		.long	.LASF30
 1344 0310 01        		.byte	0x1
 1345 0311 B2        		.byte	0xb2
 1346 0312 3A00 0000 		.long	0x3a
 1347 0316 0000 0000 		.long	.LLST21
 1348 031a 00        		.byte	0x0
 1349 031b 14        		.uleb128 0x14
 1350 031c 01        		.byte	0x1
 1351 031d 0000 0000 		.long	.LASF37
 1352 0321 01        		.byte	0x1
 1353 0322 C9        		.byte	0xc9
 1354 0323 01        		.byte	0x1
 1355 0324 2C00 0000 		.long	0x2c
 1356 0328 0000 0000 		.long	.LFB13
 1357 032c 0000 0000 		.long	.LFE13
 1358 0330 02        		.byte	0x2
 1359 0331 90        		.byte	0x90
 1360 0332 20        		.uleb128 0x20
 1361 0333 5003 0000 		.long	0x350
 1362 0337 11        		.uleb128 0x11
 1363 0338 6900      		.string	"i"
 1364 033a 01        		.byte	0x1
 1365 033b CA        		.byte	0xca
 1366 033c 3A00 0000 		.long	0x3a
 1367 0340 15        		.uleb128 0x15
 1368 0341 C100 0000 		.long	0xc1
GAS LISTING C:\Users\beege\AppData\Local\Temp/cccC5cb7.s 			page 25


 1369 0345 0000 0000 		.long	.LBB16
 1370 0349 0000 0000 		.long	.LBE16
 1371 034d 01        		.byte	0x1
 1372 034e CF        		.byte	0xcf
 1373 034f 00        		.byte	0x0
 1374 0350 06        		.uleb128 0x6
 1375 0351 01        		.byte	0x1
 1376 0352 0000 0000 		.long	.LASF32
 1377 0356 01        		.byte	0x1
 1378 0357 DD        		.byte	0xdd
 1379 0358 01        		.byte	0x1
 1380 0359 0000 0000 		.long	.LFB14
 1381 035d 0000 0000 		.long	.LFE14
 1382 0361 02        		.byte	0x2
 1383 0362 90        		.byte	0x90
 1384 0363 20        		.uleb128 0x20
 1385 0364 06        		.uleb128 0x6
 1386 0365 01        		.byte	0x1
 1387 0366 0000 0000 		.long	.LASF33
 1388 036a 01        		.byte	0x1
 1389 036b E5        		.byte	0xe5
 1390 036c 01        		.byte	0x1
 1391 036d 0000 0000 		.long	.LFB15
 1392 0371 0000 0000 		.long	.LFE15
 1393 0375 02        		.byte	0x2
 1394 0376 90        		.byte	0x90
 1395 0377 20        		.uleb128 0x20
 1396 0378 07        		.uleb128 0x7
 1397 0379 C100 0000 		.long	0xc1
 1398 037d 0000 0000 		.long	.LFB16
 1399 0381 0000 0000 		.long	.LFE16
 1400 0385 02        		.byte	0x2
 1401 0386 90        		.byte	0x90
 1402 0387 20        		.uleb128 0x20
 1403 0388 9603 0000 		.long	0x396
 1404 038c 08        		.uleb128 0x8
 1405 038d CF00 0000 		.long	0xcf
 1406 0391 0000 0000 		.long	.LLST26
 1407 0395 00        		.byte	0x0
 1408 0396 16        		.uleb128 0x16
 1409 0397 0000 0000 		.long	.LASF38
 1410 039b 01        		.byte	0x1
 1411 039c 1E        		.byte	0x1e
 1412 039d A803 0000 		.long	0x3a8
 1413 03a1 01        		.byte	0x1
 1414 03a2 05        		.byte	0x5
 1415 03a3 03        		.byte	0x3
 1416 03a4 0000 0000 		.long	count72kHz
 1417 03a8 17        		.uleb128 0x17
 1418 03a9 2C00 0000 		.long	0x2c
 1419 03ad 00        		.byte	0x0
 1420               		.section	.debug_abbrev
 1421 0000 01        		.uleb128 0x1
 1422 0001 11        		.uleb128 0x11
 1423 0002 01        		.byte	0x1
 1424 0003 25        		.uleb128 0x25
 1425 0004 0E        		.uleb128 0xe
GAS LISTING C:\Users\beege\AppData\Local\Temp/cccC5cb7.s 			page 26


 1426 0005 13        		.uleb128 0x13
 1427 0006 0B        		.uleb128 0xb
 1428 0007 03        		.uleb128 0x3
 1429 0008 0E        		.uleb128 0xe
 1430 0009 1B        		.uleb128 0x1b
 1431 000a 0E        		.uleb128 0xe
 1432 000b 11        		.uleb128 0x11
 1433 000c 01        		.uleb128 0x1
 1434 000d 12        		.uleb128 0x12
 1435 000e 01        		.uleb128 0x1
 1436 000f 10        		.uleb128 0x10
 1437 0010 06        		.uleb128 0x6
 1438 0011 00        		.byte	0x0
 1439 0012 00        		.byte	0x0
 1440 0013 02        		.uleb128 0x2
 1441 0014 24        		.uleb128 0x24
 1442 0015 00        		.byte	0x0
 1443 0016 0B        		.uleb128 0xb
 1444 0017 0B        		.uleb128 0xb
 1445 0018 3E        		.uleb128 0x3e
 1446 0019 0B        		.uleb128 0xb
 1447 001a 03        		.uleb128 0x3
 1448 001b 0E        		.uleb128 0xe
 1449 001c 00        		.byte	0x0
 1450 001d 00        		.byte	0x0
 1451 001e 03        		.uleb128 0x3
 1452 001f 24        		.uleb128 0x24
 1453 0020 00        		.byte	0x0
 1454 0021 0B        		.uleb128 0xb
 1455 0022 0B        		.uleb128 0xb
 1456 0023 3E        		.uleb128 0x3e
 1457 0024 0B        		.uleb128 0xb
 1458 0025 03        		.uleb128 0x3
 1459 0026 08        		.uleb128 0x8
 1460 0027 00        		.byte	0x0
 1461 0028 00        		.byte	0x0
 1462 0029 04        		.uleb128 0x4
 1463 002a 2E        		.uleb128 0x2e
 1464 002b 01        		.byte	0x1
 1465 002c 3F        		.uleb128 0x3f
 1466 002d 0C        		.uleb128 0xc
 1467 002e 03        		.uleb128 0x3
 1468 002f 0E        		.uleb128 0xe
 1469 0030 3A        		.uleb128 0x3a
 1470 0031 0B        		.uleb128 0xb
 1471 0032 3B        		.uleb128 0x3b
 1472 0033 0B        		.uleb128 0xb
 1473 0034 27        		.uleb128 0x27
 1474 0035 0C        		.uleb128 0xc
 1475 0036 20        		.uleb128 0x20
 1476 0037 0B        		.uleb128 0xb
 1477 0038 01        		.uleb128 0x1
 1478 0039 13        		.uleb128 0x13
 1479 003a 00        		.byte	0x0
 1480 003b 00        		.byte	0x0
 1481 003c 05        		.uleb128 0x5
 1482 003d 05        		.uleb128 0x5
GAS LISTING C:\Users\beege\AppData\Local\Temp/cccC5cb7.s 			page 27


 1483 003e 00        		.byte	0x0
 1484 003f 03        		.uleb128 0x3
 1485 0040 0E        		.uleb128 0xe
 1486 0041 3A        		.uleb128 0x3a
 1487 0042 0B        		.uleb128 0xb
 1488 0043 3B        		.uleb128 0x3b
 1489 0044 0B        		.uleb128 0xb
 1490 0045 49        		.uleb128 0x49
 1491 0046 13        		.uleb128 0x13
 1492 0047 00        		.byte	0x0
 1493 0048 00        		.byte	0x0
 1494 0049 06        		.uleb128 0x6
 1495 004a 2E        		.uleb128 0x2e
 1496 004b 00        		.byte	0x0
 1497 004c 3F        		.uleb128 0x3f
 1498 004d 0C        		.uleb128 0xc
 1499 004e 03        		.uleb128 0x3
 1500 004f 0E        		.uleb128 0xe
 1501 0050 3A        		.uleb128 0x3a
 1502 0051 0B        		.uleb128 0xb
 1503 0052 3B        		.uleb128 0x3b
 1504 0053 0B        		.uleb128 0xb
 1505 0054 27        		.uleb128 0x27
 1506 0055 0C        		.uleb128 0xc
 1507 0056 11        		.uleb128 0x11
 1508 0057 01        		.uleb128 0x1
 1509 0058 12        		.uleb128 0x12
 1510 0059 01        		.uleb128 0x1
 1511 005a 40        		.uleb128 0x40
 1512 005b 0A        		.uleb128 0xa
 1513 005c 00        		.byte	0x0
 1514 005d 00        		.byte	0x0
 1515 005e 07        		.uleb128 0x7
 1516 005f 2E        		.uleb128 0x2e
 1517 0060 01        		.byte	0x1
 1518 0061 31        		.uleb128 0x31
 1519 0062 13        		.uleb128 0x13
 1520 0063 11        		.uleb128 0x11
 1521 0064 01        		.uleb128 0x1
 1522 0065 12        		.uleb128 0x12
 1523 0066 01        		.uleb128 0x1
 1524 0067 40        		.uleb128 0x40
 1525 0068 0A        		.uleb128 0xa
 1526 0069 01        		.uleb128 0x1
 1527 006a 13        		.uleb128 0x13
 1528 006b 00        		.byte	0x0
 1529 006c 00        		.byte	0x0
 1530 006d 08        		.uleb128 0x8
 1531 006e 05        		.uleb128 0x5
 1532 006f 00        		.byte	0x0
 1533 0070 31        		.uleb128 0x31
 1534 0071 13        		.uleb128 0x13
 1535 0072 02        		.uleb128 0x2
 1536 0073 06        		.uleb128 0x6
 1537 0074 00        		.byte	0x0
 1538 0075 00        		.byte	0x0
 1539 0076 09        		.uleb128 0x9
GAS LISTING C:\Users\beege\AppData\Local\Temp/cccC5cb7.s 			page 28


 1540 0077 05        		.uleb128 0x5
 1541 0078 00        		.byte	0x0
 1542 0079 31        		.uleb128 0x31
 1543 007a 13        		.uleb128 0x13
 1544 007b 02        		.uleb128 0x2
 1545 007c 0A        		.uleb128 0xa
 1546 007d 00        		.byte	0x0
 1547 007e 00        		.byte	0x0
 1548 007f 0A        		.uleb128 0xa
 1549 0080 2E        		.uleb128 0x2e
 1550 0081 01        		.byte	0x1
 1551 0082 3F        		.uleb128 0x3f
 1552 0083 0C        		.uleb128 0xc
 1553 0084 03        		.uleb128 0x3
 1554 0085 0E        		.uleb128 0xe
 1555 0086 3A        		.uleb128 0x3a
 1556 0087 0B        		.uleb128 0xb
 1557 0088 3B        		.uleb128 0x3b
 1558 0089 0B        		.uleb128 0xb
 1559 008a 27        		.uleb128 0x27
 1560 008b 0C        		.uleb128 0xc
 1561 008c 11        		.uleb128 0x11
 1562 008d 01        		.uleb128 0x1
 1563 008e 12        		.uleb128 0x12
 1564 008f 01        		.uleb128 0x1
 1565 0090 40        		.uleb128 0x40
 1566 0091 0A        		.uleb128 0xa
 1567 0092 01        		.uleb128 0x1
 1568 0093 13        		.uleb128 0x13
 1569 0094 00        		.byte	0x0
 1570 0095 00        		.byte	0x0
 1571 0096 0B        		.uleb128 0xb
 1572 0097 05        		.uleb128 0x5
 1573 0098 00        		.byte	0x0
 1574 0099 03        		.uleb128 0x3
 1575 009a 0E        		.uleb128 0xe
 1576 009b 3A        		.uleb128 0x3a
 1577 009c 0B        		.uleb128 0xb
 1578 009d 3B        		.uleb128 0x3b
 1579 009e 0B        		.uleb128 0xb
 1580 009f 49        		.uleb128 0x49
 1581 00a0 13        		.uleb128 0x13
 1582 00a1 02        		.uleb128 0x2
 1583 00a2 0A        		.uleb128 0xa
 1584 00a3 00        		.byte	0x0
 1585 00a4 00        		.byte	0x0
 1586 00a5 0C        		.uleb128 0xc
 1587 00a6 05        		.uleb128 0x5
 1588 00a7 00        		.byte	0x0
 1589 00a8 03        		.uleb128 0x3
 1590 00a9 0E        		.uleb128 0xe
 1591 00aa 3A        		.uleb128 0x3a
 1592 00ab 0B        		.uleb128 0xb
 1593 00ac 3B        		.uleb128 0x3b
 1594 00ad 0B        		.uleb128 0xb
 1595 00ae 49        		.uleb128 0x49
 1596 00af 13        		.uleb128 0x13
GAS LISTING C:\Users\beege\AppData\Local\Temp/cccC5cb7.s 			page 29


 1597 00b0 02        		.uleb128 0x2
 1598 00b1 06        		.uleb128 0x6
 1599 00b2 00        		.byte	0x0
 1600 00b3 00        		.byte	0x0
 1601 00b4 0D        		.uleb128 0xd
 1602 00b5 1D        		.uleb128 0x1d
 1603 00b6 01        		.byte	0x1
 1604 00b7 31        		.uleb128 0x31
 1605 00b8 13        		.uleb128 0x13
 1606 00b9 11        		.uleb128 0x11
 1607 00ba 01        		.uleb128 0x1
 1608 00bb 12        		.uleb128 0x12
 1609 00bc 01        		.uleb128 0x1
 1610 00bd 58        		.uleb128 0x58
 1611 00be 0B        		.uleb128 0xb
 1612 00bf 59        		.uleb128 0x59
 1613 00c0 0B        		.uleb128 0xb
 1614 00c1 01        		.uleb128 0x1
 1615 00c2 13        		.uleb128 0x13
 1616 00c3 00        		.byte	0x0
 1617 00c4 00        		.byte	0x0
 1618 00c5 0E        		.uleb128 0xe
 1619 00c6 05        		.uleb128 0x5
 1620 00c7 00        		.byte	0x0
 1621 00c8 31        		.uleb128 0x31
 1622 00c9 13        		.uleb128 0x13
 1623 00ca 00        		.byte	0x0
 1624 00cb 00        		.byte	0x0
 1625 00cc 0F        		.uleb128 0xf
 1626 00cd 1D        		.uleb128 0x1d
 1627 00ce 01        		.byte	0x1
 1628 00cf 31        		.uleb128 0x31
 1629 00d0 13        		.uleb128 0x13
 1630 00d1 11        		.uleb128 0x11
 1631 00d2 01        		.uleb128 0x1
 1632 00d3 12        		.uleb128 0x12
 1633 00d4 01        		.uleb128 0x1
 1634 00d5 58        		.uleb128 0x58
 1635 00d6 0B        		.uleb128 0xb
 1636 00d7 59        		.uleb128 0x59
 1637 00d8 0B        		.uleb128 0xb
 1638 00d9 00        		.byte	0x0
 1639 00da 00        		.byte	0x0
 1640 00db 10        		.uleb128 0x10
 1641 00dc 0F        		.uleb128 0xf
 1642 00dd 00        		.byte	0x0
 1643 00de 0B        		.uleb128 0xb
 1644 00df 0B        		.uleb128 0xb
 1645 00e0 49        		.uleb128 0x49
 1646 00e1 13        		.uleb128 0x13
 1647 00e2 00        		.byte	0x0
 1648 00e3 00        		.byte	0x0
 1649 00e4 11        		.uleb128 0x11
 1650 00e5 34        		.uleb128 0x34
 1651 00e6 00        		.byte	0x0
 1652 00e7 03        		.uleb128 0x3
 1653 00e8 08        		.uleb128 0x8
GAS LISTING C:\Users\beege\AppData\Local\Temp/cccC5cb7.s 			page 30


 1654 00e9 3A        		.uleb128 0x3a
 1655 00ea 0B        		.uleb128 0xb
 1656 00eb 3B        		.uleb128 0x3b
 1657 00ec 0B        		.uleb128 0xb
 1658 00ed 49        		.uleb128 0x49
 1659 00ee 13        		.uleb128 0x13
 1660 00ef 00        		.byte	0x0
 1661 00f0 00        		.byte	0x0
 1662 00f1 12        		.uleb128 0x12
 1663 00f2 34        		.uleb128 0x34
 1664 00f3 00        		.byte	0x0
 1665 00f4 03        		.uleb128 0x3
 1666 00f5 08        		.uleb128 0x8
 1667 00f6 3A        		.uleb128 0x3a
 1668 00f7 0B        		.uleb128 0xb
 1669 00f8 3B        		.uleb128 0x3b
 1670 00f9 0B        		.uleb128 0xb
 1671 00fa 49        		.uleb128 0x49
 1672 00fb 13        		.uleb128 0x13
 1673 00fc 02        		.uleb128 0x2
 1674 00fd 06        		.uleb128 0x6
 1675 00fe 00        		.byte	0x0
 1676 00ff 00        		.byte	0x0
 1677 0100 13        		.uleb128 0x13
 1678 0101 34        		.uleb128 0x34
 1679 0102 00        		.byte	0x0
 1680 0103 03        		.uleb128 0x3
 1681 0104 0E        		.uleb128 0xe
 1682 0105 3A        		.uleb128 0x3a
 1683 0106 0B        		.uleb128 0xb
 1684 0107 3B        		.uleb128 0x3b
 1685 0108 0B        		.uleb128 0xb
 1686 0109 49        		.uleb128 0x49
 1687 010a 13        		.uleb128 0x13
 1688 010b 02        		.uleb128 0x2
 1689 010c 06        		.uleb128 0x6
 1690 010d 00        		.byte	0x0
 1691 010e 00        		.byte	0x0
 1692 010f 14        		.uleb128 0x14
 1693 0110 2E        		.uleb128 0x2e
 1694 0111 01        		.byte	0x1
 1695 0112 3F        		.uleb128 0x3f
 1696 0113 0C        		.uleb128 0xc
 1697 0114 03        		.uleb128 0x3
 1698 0115 0E        		.uleb128 0xe
 1699 0116 3A        		.uleb128 0x3a
 1700 0117 0B        		.uleb128 0xb
 1701 0118 3B        		.uleb128 0x3b
 1702 0119 0B        		.uleb128 0xb
 1703 011a 27        		.uleb128 0x27
 1704 011b 0C        		.uleb128 0xc
 1705 011c 49        		.uleb128 0x49
 1706 011d 13        		.uleb128 0x13
 1707 011e 11        		.uleb128 0x11
 1708 011f 01        		.uleb128 0x1
 1709 0120 12        		.uleb128 0x12
 1710 0121 01        		.uleb128 0x1
GAS LISTING C:\Users\beege\AppData\Local\Temp/cccC5cb7.s 			page 31


 1711 0122 40        		.uleb128 0x40
 1712 0123 0A        		.uleb128 0xa
 1713 0124 01        		.uleb128 0x1
 1714 0125 13        		.uleb128 0x13
 1715 0126 00        		.byte	0x0
 1716 0127 00        		.byte	0x0
 1717 0128 15        		.uleb128 0x15
 1718 0129 1D        		.uleb128 0x1d
 1719 012a 00        		.byte	0x0
 1720 012b 31        		.uleb128 0x31
 1721 012c 13        		.uleb128 0x13
 1722 012d 11        		.uleb128 0x11
 1723 012e 01        		.uleb128 0x1
 1724 012f 12        		.uleb128 0x12
 1725 0130 01        		.uleb128 0x1
 1726 0131 58        		.uleb128 0x58
 1727 0132 0B        		.uleb128 0xb
 1728 0133 59        		.uleb128 0x59
 1729 0134 0B        		.uleb128 0xb
 1730 0135 00        		.byte	0x0
 1731 0136 00        		.byte	0x0
 1732 0137 16        		.uleb128 0x16
 1733 0138 34        		.uleb128 0x34
 1734 0139 00        		.byte	0x0
 1735 013a 03        		.uleb128 0x3
 1736 013b 0E        		.uleb128 0xe
 1737 013c 3A        		.uleb128 0x3a
 1738 013d 0B        		.uleb128 0xb
 1739 013e 3B        		.uleb128 0x3b
 1740 013f 0B        		.uleb128 0xb
 1741 0140 49        		.uleb128 0x49
 1742 0141 13        		.uleb128 0x13
 1743 0142 3F        		.uleb128 0x3f
 1744 0143 0C        		.uleb128 0xc
 1745 0144 02        		.uleb128 0x2
 1746 0145 0A        		.uleb128 0xa
 1747 0146 00        		.byte	0x0
 1748 0147 00        		.byte	0x0
 1749 0148 17        		.uleb128 0x17
 1750 0149 35        		.uleb128 0x35
 1751 014a 00        		.byte	0x0
 1752 014b 49        		.uleb128 0x49
 1753 014c 13        		.uleb128 0x13
 1754 014d 00        		.byte	0x0
 1755 014e 00        		.byte	0x0
 1756 014f 00        		.byte	0x0
 1757               		.section	.debug_pubnames,"",@progbits
 1758 0000 E800 0000 		.long	0xe8
 1759 0004 0200      		.word	0x2
 1760 0006 0000 0000 		.long	.Ldebug_info0
 1761 000a AE03 0000 		.long	0x3ae
 1762 000e DB00 0000 		.long	0xdb
 1763 0012 5F5F 7665 		.string	"__vector_3"
 1763      6374 6F72 
 1763      5F33 00
 1764 001d EF00 0000 		.long	0xef
 1765 0021 4D6F 746F 		.string	"MotorSpeed"
GAS LISTING C:\Users\beege\AppData\Local\Temp/cccC5cb7.s 			page 32


 1765      7253 7065 
 1765      6564 00
 1766 002c 1601 0000 		.long	0x116
 1767 0030 4D6F 746F 		.string	"MotorDir"
 1767      7244 6972 
 1767      00
 1768 0039 3B01 0000 		.long	0x13b
 1769 003d 5374 6174 		.string	"StatusLED"
 1769      7573 4C45 
 1769      4400 
 1770 0047 6101 0000 		.long	0x161
 1771 004b 4672 6F6E 		.string	"FrontLED"
 1771      744C 4544 
 1771      00
 1772 0054 7F01 0000 		.long	0x17f
 1773 0058 4261 636B 		.string	"BackLED"
 1773      4C45 4400 
 1774 0060 B401 0000 		.long	0x1b4
 1775 0064 496E 6974 		.string	"Init"
 1775      00
 1776 0069 1E02 0000 		.long	0x21e
 1777 006d 4C69 6E65 		.string	"LineData"
 1777      4461 7461 
 1777      00
 1778 0076 4C02 0000 		.long	0x24c
 1779 007a 4F64 6F6D 		.string	"OdometrieData"
 1779      6574 7269 
 1779      6544 6174 
 1779      6100 
 1780 0088 7402 0000 		.long	0x274
 1781 008c 5365 7257 		.string	"SerWrite"
 1781      7269 7465 
 1781      00
 1782 0095 B802 0000 		.long	0x2b8
 1783 0099 5365 7252 		.string	"SerRead"
 1783      6561 6400 
 1784 00a1 1B03 0000 		.long	0x31b
 1785 00a5 506F 6C6C 		.string	"PollSwitch"
 1785      5377 6974 
 1785      6368 00
 1786 00b0 5003 0000 		.long	0x350
 1787 00b4 5374 6172 		.string	"StartSwitch"
 1787      7453 7769 
 1787      7463 6800 
 1788 00c0 6403 0000 		.long	0x364
 1789 00c4 5374 6F70 		.string	"StopSwitch"
 1789      5377 6974 
 1789      6368 00
 1790 00cf 7803 0000 		.long	0x378
 1791 00d3 536C 6565 		.string	"Sleep"
 1791      7000 
 1792 00d9 9603 0000 		.long	0x396
 1793 00dd 636F 756E 		.string	"count72kHz"
 1793      7437 326B 
 1793      487A 00
 1794 00e8 0000 0000 		.long	0x0
 1795               		.section	.debug_aranges,"",@progbits
GAS LISTING C:\Users\beege\AppData\Local\Temp/cccC5cb7.s 			page 33


 1796 0000 1C00 0000 		.long	0x1c
 1797 0004 0200      		.word	0x2
 1798 0006 0000 0000 		.long	.Ldebug_info0
 1799 000a 04        		.byte	0x4
 1800 000b 00        		.byte	0x0
 1801 000c 0000      		.word	0x0
 1802 000e 0000      		.word	0x0
 1803 0010 0000 0000 		.long	.Ltext0
 1804 0014 7802 0000 		.long	.Letext0-.Ltext0
 1805 0018 0000 0000 		.long	0x0
 1806 001c 0000 0000 		.long	0x0
 1807               		.section	.debug_line
 1808 0000 EA03 0000 		.long	.LELT0-.LSLT0
 1809               	.LSLT0:
 1810 0004 0200      		.word	0x2
 1811 0006 1B00 0000 		.long	.LELTP0-.LASLTP0
 1812               	.LASLTP0:
 1813 000a 01        		.byte	0x1
 1814 000b 01        		.byte	0x1
 1815 000c F6        		.byte	0xf6
 1816 000d F5        		.byte	0xf5
 1817 000e 0A        		.byte	0xa
 1818 000f 00        		.byte	0x0
 1819 0010 01        		.byte	0x1
 1820 0011 01        		.byte	0x1
 1821 0012 01        		.byte	0x1
 1822 0013 01        		.byte	0x1
 1823 0014 00        		.byte	0x0
 1824 0015 00        		.byte	0x0
 1825 0016 00        		.byte	0x0
 1826 0017 01        		.byte	0x1
 1827 0018 00        		.byte	0x0
 1828 0019 6173 7572 		.string	"asuro.c"
 1828      6F2E 6300 
 1829 0021 00        		.uleb128 0x0
 1830 0022 00        		.uleb128 0x0
 1831 0023 00        		.uleb128 0x0
 1832 0024 00        		.byte	0x0
 1833               	.LELTP0:
 1834 0025 00        		.byte	0x0
 1835 0026 05        		.uleb128 0x5
 1836 0027 02        		.byte	0x2
 1837 0028 0000 0000 		.long	.LM1
 1838 002c 36        		.byte	0x36
 1839 002d 00        		.byte	0x0
 1840 002e 05        		.uleb128 0x5
 1841 002f 02        		.byte	0x2
 1842 0030 0000 0000 		.long	.LM2
 1843 0034 15        		.byte	0x15
 1844 0035 00        		.byte	0x0
 1845 0036 05        		.uleb128 0x5
 1846 0037 02        		.byte	0x2
 1847 0038 0000 0000 		.long	.LM3
 1848 003c 15        		.byte	0x15
 1849 003d 00        		.byte	0x0
 1850 003e 05        		.uleb128 0x5
 1851 003f 02        		.byte	0x2
GAS LISTING C:\Users\beege\AppData\Local\Temp/cccC5cb7.s 			page 34


 1852 0040 0000 0000 		.long	.LM4
 1853 0044 3E        		.byte	0x3e
 1854 0045 00        		.byte	0x0
 1855 0046 05        		.uleb128 0x5
 1856 0047 02        		.byte	0x2
 1857 0048 0000 0000 		.long	.LM5
 1858 004c 15        		.byte	0x15
 1859 004d 00        		.byte	0x0
 1860 004e 05        		.uleb128 0x5
 1861 004f 02        		.byte	0x2
 1862 0050 0000 0000 		.long	.LM6
 1863 0054 15        		.byte	0x15
 1864 0055 00        		.byte	0x0
 1865 0056 05        		.uleb128 0x5
 1866 0057 02        		.byte	0x2
 1867 0058 0000 0000 		.long	.LM7
 1868 005c 15        		.byte	0x15
 1869 005d 00        		.byte	0x0
 1870 005e 05        		.uleb128 0x5
 1871 005f 02        		.byte	0x2
 1872 0060 0000 0000 		.long	.LM8
 1873 0064 18        		.byte	0x18
 1874 0065 00        		.byte	0x0
 1875 0066 05        		.uleb128 0x5
 1876 0067 02        		.byte	0x2
 1877 0068 0000 0000 		.long	.LM9
 1878 006c 15        		.byte	0x15
 1879 006d 00        		.byte	0x0
 1880 006e 05        		.uleb128 0x5
 1881 006f 02        		.byte	0x2
 1882 0070 0000 0000 		.long	.LM10
 1883 0074 15        		.byte	0x15
 1884 0075 00        		.byte	0x0
 1885 0076 05        		.uleb128 0x5
 1886 0077 02        		.byte	0x2
 1887 0078 0000 0000 		.long	.LM11
 1888 007c 15        		.byte	0x15
 1889 007d 00        		.byte	0x0
 1890 007e 05        		.uleb128 0x5
 1891 007f 02        		.byte	0x2
 1892 0080 0000 0000 		.long	.LM12
 1893 0084 1A        		.byte	0x1a
 1894 0085 00        		.byte	0x0
 1895 0086 05        		.uleb128 0x5
 1896 0087 02        		.byte	0x2
 1897 0088 0000 0000 		.long	.LM13
 1898 008c 15        		.byte	0x15
 1899 008d 00        		.byte	0x0
 1900 008e 05        		.uleb128 0x5
 1901 008f 02        		.byte	0x2
 1902 0090 0000 0000 		.long	.LM14
 1903 0094 15        		.byte	0x15
 1904 0095 00        		.byte	0x0
 1905 0096 05        		.uleb128 0x5
 1906 0097 02        		.byte	0x2
 1907 0098 0000 0000 		.long	.LM15
 1908 009c 15        		.byte	0x15
GAS LISTING C:\Users\beege\AppData\Local\Temp/cccC5cb7.s 			page 35


 1909 009d 00        		.byte	0x0
 1910 009e 05        		.uleb128 0x5
 1911 009f 02        		.byte	0x2
 1912 00a0 0000 0000 		.long	.LM16
 1913 00a4 15        		.byte	0x15
 1914 00a5 00        		.byte	0x0
 1915 00a6 05        		.uleb128 0x5
 1916 00a7 02        		.byte	0x2
 1917 00a8 0000 0000 		.long	.LM17
 1918 00ac 1B        		.byte	0x1b
 1919 00ad 00        		.byte	0x0
 1920 00ae 05        		.uleb128 0x5
 1921 00af 02        		.byte	0x2
 1922 00b0 0000 0000 		.long	.LM18
 1923 00b4 15        		.byte	0x15
 1924 00b5 00        		.byte	0x0
 1925 00b6 05        		.uleb128 0x5
 1926 00b7 02        		.byte	0x2
 1927 00b8 0000 0000 		.long	.LM19
 1928 00bc 15        		.byte	0x15
 1929 00bd 00        		.byte	0x0
 1930 00be 05        		.uleb128 0x5
 1931 00bf 02        		.byte	0x2
 1932 00c0 0000 0000 		.long	.LM20
 1933 00c4 1A        		.byte	0x1a
 1934 00c5 00        		.byte	0x0
 1935 00c6 05        		.uleb128 0x5
 1936 00c7 02        		.byte	0x2
 1937 00c8 0000 0000 		.long	.LM21
 1938 00cc 15        		.byte	0x15
 1939 00cd 00        		.byte	0x0
 1940 00ce 05        		.uleb128 0x5
 1941 00cf 02        		.byte	0x2
 1942 00d0 0000 0000 		.long	.LM22
 1943 00d4 15        		.byte	0x15
 1944 00d5 00        		.byte	0x0
 1945 00d6 05        		.uleb128 0x5
 1946 00d7 02        		.byte	0x2
 1947 00d8 0000 0000 		.long	.LM23
 1948 00dc 15        		.byte	0x15
 1949 00dd 00        		.byte	0x0
 1950 00de 05        		.uleb128 0x5
 1951 00df 02        		.byte	0x2
 1952 00e0 0000 0000 		.long	.LM24
 1953 00e4 15        		.byte	0x15
 1954 00e5 00        		.byte	0x0
 1955 00e6 05        		.uleb128 0x5
 1956 00e7 02        		.byte	0x2
 1957 00e8 0000 0000 		.long	.LM25
 1958 00ec 16        		.byte	0x16
 1959 00ed 00        		.byte	0x0
 1960 00ee 05        		.uleb128 0x5
 1961 00ef 02        		.byte	0x2
 1962 00f0 0000 0000 		.long	.LM26
 1963 00f4 15        		.byte	0x15
 1964 00f5 00        		.byte	0x0
 1965 00f6 05        		.uleb128 0x5
GAS LISTING C:\Users\beege\AppData\Local\Temp/cccC5cb7.s 			page 36


 1966 00f7 02        		.byte	0x2
 1967 00f8 0000 0000 		.long	.LM27
 1968 00fc 03        		.byte	0x3
 1969 00fd B07F      		.sleb128 -80
 1970 00ff 01        		.byte	0x1
 1971 0100 00        		.byte	0x0
 1972 0101 05        		.uleb128 0x5
 1973 0102 02        		.byte	0x2
 1974 0103 0000 0000 		.long	.LM28
 1975 0107 17        		.byte	0x17
 1976 0108 00        		.byte	0x0
 1977 0109 05        		.uleb128 0x5
 1978 010a 02        		.byte	0x2
 1979 010b 0000 0000 		.long	.LM29
 1980 010f 15        		.byte	0x15
 1981 0110 00        		.byte	0x0
 1982 0111 05        		.uleb128 0x5
 1983 0112 02        		.byte	0x2
 1984 0113 0000 0000 		.long	.LM30
 1985 0117 15        		.byte	0x15
 1986 0118 00        		.byte	0x0
 1987 0119 05        		.uleb128 0x5
 1988 011a 02        		.byte	0x2
 1989 011b 0000 0000 		.long	.LM31
 1990 011f 17        		.byte	0x17
 1991 0120 00        		.byte	0x0
 1992 0121 05        		.uleb128 0x5
 1993 0122 02        		.byte	0x2
 1994 0123 0000 0000 		.long	.LM32
 1995 0127 15        		.byte	0x15
 1996 0128 00        		.byte	0x0
 1997 0129 05        		.uleb128 0x5
 1998 012a 02        		.byte	0x2
 1999 012b 0000 0000 		.long	.LM33
 2000 012f 15        		.byte	0x15
 2001 0130 00        		.byte	0x0
 2002 0131 05        		.uleb128 0x5
 2003 0132 02        		.byte	0x2
 2004 0133 0000 0000 		.long	.LM34
 2005 0137 15        		.byte	0x15
 2006 0138 00        		.byte	0x0
 2007 0139 05        		.uleb128 0x5
 2008 013a 02        		.byte	0x2
 2009 013b 0000 0000 		.long	.LM35
 2010 013f 17        		.byte	0x17
 2011 0140 00        		.byte	0x0
 2012 0141 05        		.uleb128 0x5
 2013 0142 02        		.byte	0x2
 2014 0143 0000 0000 		.long	.LM36
 2015 0147 15        		.byte	0x15
 2016 0148 00        		.byte	0x0
 2017 0149 05        		.uleb128 0x5
 2018 014a 02        		.byte	0x2
 2019 014b 0000 0000 		.long	.LM37
 2020 014f 17        		.byte	0x17
 2021 0150 00        		.byte	0x0
 2022 0151 05        		.uleb128 0x5
GAS LISTING C:\Users\beege\AppData\Local\Temp/cccC5cb7.s 			page 37


 2023 0152 02        		.byte	0x2
 2024 0153 0000 0000 		.long	.LM38
 2025 0157 16        		.byte	0x16
 2026 0158 00        		.byte	0x0
 2027 0159 05        		.uleb128 0x5
 2028 015a 02        		.byte	0x2
 2029 015b 0000 0000 		.long	.LM39
 2030 015f 17        		.byte	0x17
 2031 0160 00        		.byte	0x0
 2032 0161 05        		.uleb128 0x5
 2033 0162 02        		.byte	0x2
 2034 0163 0000 0000 		.long	.LM40
 2035 0167 15        		.byte	0x15
 2036 0168 00        		.byte	0x0
 2037 0169 05        		.uleb128 0x5
 2038 016a 02        		.byte	0x2
 2039 016b 0000 0000 		.long	.LM41
 2040 016f 3E        		.byte	0x3e
 2041 0170 00        		.byte	0x0
 2042 0171 05        		.uleb128 0x5
 2043 0172 02        		.byte	0x2
 2044 0173 0000 0000 		.long	.LM42
 2045 0177 03        		.byte	0x3
 2046 0178 59        		.sleb128 -39
 2047 0179 01        		.byte	0x1
 2048 017a 00        		.byte	0x0
 2049 017b 05        		.uleb128 0x5
 2050 017c 02        		.byte	0x2
 2051 017d 0000 0000 		.long	.LM43
 2052 0181 15        		.byte	0x15
 2053 0182 00        		.byte	0x0
 2054 0183 05        		.uleb128 0x5
 2055 0184 02        		.byte	0x2
 2056 0185 0000 0000 		.long	.LM44
 2057 0189 15        		.byte	0x15
 2058 018a 00        		.byte	0x0
 2059 018b 05        		.uleb128 0x5
 2060 018c 02        		.byte	0x2
 2061 018d 0000 0000 		.long	.LM45
 2062 0191 25        		.byte	0x25
 2063 0192 00        		.byte	0x0
 2064 0193 05        		.uleb128 0x5
 2065 0194 02        		.byte	0x2
 2066 0195 0000 0000 		.long	.LM46
 2067 0199 15        		.byte	0x15
 2068 019a 00        		.byte	0x0
 2069 019b 05        		.uleb128 0x5
 2070 019c 02        		.byte	0x2
 2071 019d 0000 0000 		.long	.LM47
 2072 01a1 0C        		.byte	0xc
 2073 01a2 00        		.byte	0x0
 2074 01a3 05        		.uleb128 0x5
 2075 01a4 02        		.byte	0x2
 2076 01a5 0000 0000 		.long	.LM48
 2077 01a9 15        		.byte	0x15
 2078 01aa 00        		.byte	0x0
 2079 01ab 05        		.uleb128 0x5
GAS LISTING C:\Users\beege\AppData\Local\Temp/cccC5cb7.s 			page 38


 2080 01ac 02        		.byte	0x2
 2081 01ad 0000 0000 		.long	.LM49
 2082 01b1 0D        		.byte	0xd
 2083 01b2 00        		.byte	0x0
 2084 01b3 05        		.uleb128 0x5
 2085 01b4 02        		.byte	0x2
 2086 01b5 0000 0000 		.long	.LM50
 2087 01b9 15        		.byte	0x15
 2088 01ba 00        		.byte	0x0
 2089 01bb 05        		.uleb128 0x5
 2090 01bc 02        		.byte	0x2
 2091 01bd 0000 0000 		.long	.LM51
 2092 01c1 47        		.byte	0x47
 2093 01c2 00        		.byte	0x0
 2094 01c3 05        		.uleb128 0x5
 2095 01c4 02        		.byte	0x2
 2096 01c5 0000 0000 		.long	.LM52
 2097 01c9 15        		.byte	0x15
 2098 01ca 00        		.byte	0x0
 2099 01cb 05        		.uleb128 0x5
 2100 01cc 02        		.byte	0x2
 2101 01cd 0000 0000 		.long	.LM53
 2102 01d1 15        		.byte	0x15
 2103 01d2 00        		.byte	0x0
 2104 01d3 05        		.uleb128 0x5
 2105 01d4 02        		.byte	0x2
 2106 01d5 0000 0000 		.long	.LM54
 2107 01d9 15        		.byte	0x15
 2108 01da 00        		.byte	0x0
 2109 01db 05        		.uleb128 0x5
 2110 01dc 02        		.byte	0x2
 2111 01dd 0000 0000 		.long	.LM55
 2112 01e1 15        		.byte	0x15
 2113 01e2 00        		.byte	0x0
 2114 01e3 05        		.uleb128 0x5
 2115 01e4 02        		.byte	0x2
 2116 01e5 0000 0000 		.long	.LM56
 2117 01e9 15        		.byte	0x15
 2118 01ea 00        		.byte	0x0
 2119 01eb 05        		.uleb128 0x5
 2120 01ec 02        		.byte	0x2
 2121 01ed 0000 0000 		.long	.LM57
 2122 01f1 16        		.byte	0x16
 2123 01f2 00        		.byte	0x0
 2124 01f3 05        		.uleb128 0x5
 2125 01f4 02        		.byte	0x2
 2126 01f5 0000 0000 		.long	.LM58
 2127 01f9 15        		.byte	0x15
 2128 01fa 00        		.byte	0x0
 2129 01fb 05        		.uleb128 0x5
 2130 01fc 02        		.byte	0x2
 2131 01fd 0000 0000 		.long	.LM59
 2132 0201 15        		.byte	0x15
 2133 0202 00        		.byte	0x0
 2134 0203 05        		.uleb128 0x5
 2135 0204 02        		.byte	0x2
 2136 0205 0000 0000 		.long	.LM60
GAS LISTING C:\Users\beege\AppData\Local\Temp/cccC5cb7.s 			page 39


 2137 0209 15        		.byte	0x15
 2138 020a 00        		.byte	0x0
 2139 020b 05        		.uleb128 0x5
 2140 020c 02        		.byte	0x2
 2141 020d 0000 0000 		.long	.LM61
 2142 0211 15        		.byte	0x15
 2143 0212 00        		.byte	0x0
 2144 0213 05        		.uleb128 0x5
 2145 0214 02        		.byte	0x2
 2146 0215 0000 0000 		.long	.LM62
 2147 0219 15        		.byte	0x15
 2148 021a 00        		.byte	0x0
 2149 021b 05        		.uleb128 0x5
 2150 021c 02        		.byte	0x2
 2151 021d 0000 0000 		.long	.LM63
 2152 0221 18        		.byte	0x18
 2153 0222 00        		.byte	0x0
 2154 0223 05        		.uleb128 0x5
 2155 0224 02        		.byte	0x2
 2156 0225 0000 0000 		.long	.LM64
 2157 0229 15        		.byte	0x15
 2158 022a 00        		.byte	0x0
 2159 022b 05        		.uleb128 0x5
 2160 022c 02        		.byte	0x2
 2161 022d 0000 0000 		.long	.LM65
 2162 0231 15        		.byte	0x15
 2163 0232 00        		.byte	0x0
 2164 0233 05        		.uleb128 0x5
 2165 0234 02        		.byte	0x2
 2166 0235 0000 0000 		.long	.LM66
 2167 0239 16        		.byte	0x16
 2168 023a 00        		.byte	0x0
 2169 023b 05        		.uleb128 0x5
 2170 023c 02        		.byte	0x2
 2171 023d 0000 0000 		.long	.LM67
 2172 0241 15        		.byte	0x15
 2173 0242 00        		.byte	0x0
 2174 0243 05        		.uleb128 0x5
 2175 0244 02        		.byte	0x2
 2176 0245 0000 0000 		.long	.LM68
 2177 0249 15        		.byte	0x15
 2178 024a 00        		.byte	0x0
 2179 024b 05        		.uleb128 0x5
 2180 024c 02        		.byte	0x2
 2181 024d 0000 0000 		.long	.LM69
 2182 0251 15        		.byte	0x15
 2183 0252 00        		.byte	0x0
 2184 0253 05        		.uleb128 0x5
 2185 0254 02        		.byte	0x2
 2186 0255 0000 0000 		.long	.LM70
 2187 0259 15        		.byte	0x15
 2188 025a 00        		.byte	0x0
 2189 025b 05        		.uleb128 0x5
 2190 025c 02        		.byte	0x2
 2191 025d 0000 0000 		.long	.LM71
 2192 0261 16        		.byte	0x16
 2193 0262 00        		.byte	0x0
GAS LISTING C:\Users\beege\AppData\Local\Temp/cccC5cb7.s 			page 40


 2194 0263 05        		.uleb128 0x5
 2195 0264 02        		.byte	0x2
 2196 0265 0000 0000 		.long	.LM72
 2197 0269 15        		.byte	0x15
 2198 026a 00        		.byte	0x0
 2199 026b 05        		.uleb128 0x5
 2200 026c 02        		.byte	0x2
 2201 026d 0000 0000 		.long	.LM73
 2202 0271 15        		.byte	0x15
 2203 0272 00        		.byte	0x0
 2204 0273 05        		.uleb128 0x5
 2205 0274 02        		.byte	0x2
 2206 0275 0000 0000 		.long	.LM74
 2207 0279 15        		.byte	0x15
 2208 027a 00        		.byte	0x0
 2209 027b 05        		.uleb128 0x5
 2210 027c 02        		.byte	0x2
 2211 027d 0000 0000 		.long	.LM75
 2212 0281 15        		.byte	0x15
 2213 0282 00        		.byte	0x0
 2214 0283 05        		.uleb128 0x5
 2215 0284 02        		.byte	0x2
 2216 0285 0000 0000 		.long	.LM76
 2217 0289 15        		.byte	0x15
 2218 028a 00        		.byte	0x0
 2219 028b 05        		.uleb128 0x5
 2220 028c 02        		.byte	0x2
 2221 028d 0000 0000 		.long	.LM77
 2222 0291 18        		.byte	0x18
 2223 0292 00        		.byte	0x0
 2224 0293 05        		.uleb128 0x5
 2225 0294 02        		.byte	0x2
 2226 0295 0000 0000 		.long	.LM78
 2227 0299 16        		.byte	0x16
 2228 029a 00        		.byte	0x0
 2229 029b 05        		.uleb128 0x5
 2230 029c 02        		.byte	0x2
 2231 029d 0000 0000 		.long	.LM79
 2232 02a1 16        		.byte	0x16
 2233 02a2 00        		.byte	0x0
 2234 02a3 05        		.uleb128 0x5
 2235 02a4 02        		.byte	0x2
 2236 02a5 0000 0000 		.long	.LM80
 2237 02a9 15        		.byte	0x15
 2238 02aa 00        		.byte	0x0
 2239 02ab 05        		.uleb128 0x5
 2240 02ac 02        		.byte	0x2
 2241 02ad 0000 0000 		.long	.LM81
 2242 02b1 15        		.byte	0x15
 2243 02b2 00        		.byte	0x0
 2244 02b3 05        		.uleb128 0x5
 2245 02b4 02        		.byte	0x2
 2246 02b5 0000 0000 		.long	.LM82
 2247 02b9 11        		.byte	0x11
 2248 02ba 00        		.byte	0x0
 2249 02bb 05        		.uleb128 0x5
 2250 02bc 02        		.byte	0x2
GAS LISTING C:\Users\beege\AppData\Local\Temp/cccC5cb7.s 			page 41


 2251 02bd 0000 0000 		.long	.LM83
 2252 02c1 1A        		.byte	0x1a
 2253 02c2 00        		.byte	0x0
 2254 02c3 05        		.uleb128 0x5
 2255 02c4 02        		.byte	0x2
 2256 02c5 0000 0000 		.long	.LM84
 2257 02c9 17        		.byte	0x17
 2258 02ca 00        		.byte	0x0
 2259 02cb 05        		.uleb128 0x5
 2260 02cc 02        		.byte	0x2
 2261 02cd 0000 0000 		.long	.LM85
 2262 02d1 17        		.byte	0x17
 2263 02d2 00        		.byte	0x0
 2264 02d3 05        		.uleb128 0x5
 2265 02d4 02        		.byte	0x2
 2266 02d5 0000 0000 		.long	.LM86
 2267 02d9 17        		.byte	0x17
 2268 02da 00        		.byte	0x0
 2269 02db 05        		.uleb128 0x5
 2270 02dc 02        		.byte	0x2
 2271 02dd 0000 0000 		.long	.LM87
 2272 02e1 16        		.byte	0x16
 2273 02e2 00        		.byte	0x0
 2274 02e3 05        		.uleb128 0x5
 2275 02e4 02        		.byte	0x2
 2276 02e5 0000 0000 		.long	.LM88
 2277 02e9 16        		.byte	0x16
 2278 02ea 00        		.byte	0x0
 2279 02eb 05        		.uleb128 0x5
 2280 02ec 02        		.byte	0x2
 2281 02ed 0000 0000 		.long	.LM89
 2282 02f1 15        		.byte	0x15
 2283 02f2 00        		.byte	0x0
 2284 02f3 05        		.uleb128 0x5
 2285 02f4 02        		.byte	0x2
 2286 02f5 0000 0000 		.long	.LM90
 2287 02f9 12        		.byte	0x12
 2288 02fa 00        		.byte	0x0
 2289 02fb 05        		.uleb128 0x5
 2290 02fc 02        		.byte	0x2
 2291 02fd 0000 0000 		.long	.LM91
 2292 0301 1A        		.byte	0x1a
 2293 0302 00        		.byte	0x0
 2294 0303 05        		.uleb128 0x5
 2295 0304 02        		.byte	0x2
 2296 0305 0000 0000 		.long	.LM92
 2297 0309 19        		.byte	0x19
 2298 030a 00        		.byte	0x0
 2299 030b 05        		.uleb128 0x5
 2300 030c 02        		.byte	0x2
 2301 030d 0000 0000 		.long	.LM93
 2302 0311 15        		.byte	0x15
 2303 0312 00        		.byte	0x0
 2304 0313 05        		.uleb128 0x5
 2305 0314 02        		.byte	0x2
 2306 0315 0000 0000 		.long	.LM94
 2307 0319 12        		.byte	0x12
GAS LISTING C:\Users\beege\AppData\Local\Temp/cccC5cb7.s 			page 42


 2308 031a 00        		.byte	0x0
 2309 031b 05        		.uleb128 0x5
 2310 031c 02        		.byte	0x2
 2311 031d 0000 0000 		.long	.LM95
 2312 0321 1D        		.byte	0x1d
 2313 0322 00        		.byte	0x0
 2314 0323 05        		.uleb128 0x5
 2315 0324 02        		.byte	0x2
 2316 0325 0000 0000 		.long	.LM96
 2317 0329 17        		.byte	0x17
 2318 032a 00        		.byte	0x0
 2319 032b 05        		.uleb128 0x5
 2320 032c 02        		.byte	0x2
 2321 032d 0000 0000 		.long	.LM97
 2322 0331 15        		.byte	0x15
 2323 0332 00        		.byte	0x0
 2324 0333 05        		.uleb128 0x5
 2325 0334 02        		.byte	0x2
 2326 0335 0000 0000 		.long	.LM98
 2327 0339 15        		.byte	0x15
 2328 033a 00        		.byte	0x0
 2329 033b 05        		.uleb128 0x5
 2330 033c 02        		.byte	0x2
 2331 033d 0000 0000 		.long	.LM99
 2332 0341 32        		.byte	0x32
 2333 0342 00        		.byte	0x0
 2334 0343 05        		.uleb128 0x5
 2335 0344 02        		.byte	0x2
 2336 0345 0000 0000 		.long	.LM100
 2337 0349 15        		.byte	0x15
 2338 034a 00        		.byte	0x0
 2339 034b 05        		.uleb128 0x5
 2340 034c 02        		.byte	0x2
 2341 034d 0000 0000 		.long	.LM101
 2342 0351 03        		.byte	0x3
 2343 0352 64        		.sleb128 -28
 2344 0353 01        		.byte	0x1
 2345 0354 00        		.byte	0x0
 2346 0355 05        		.uleb128 0x5
 2347 0356 02        		.byte	0x2
 2348 0357 0000 0000 		.long	.LM102
 2349 035b 15        		.byte	0x15
 2350 035c 00        		.byte	0x0
 2351 035d 05        		.uleb128 0x5
 2352 035e 02        		.byte	0x2
 2353 035f 0000 0000 		.long	.LM103
 2354 0363 15        		.byte	0x15
 2355 0364 00        		.byte	0x0
 2356 0365 05        		.uleb128 0x5
 2357 0366 02        		.byte	0x2
 2358 0367 0000 0000 		.long	.LM104
 2359 036b 15        		.byte	0x15
 2360 036c 00        		.byte	0x0
 2361 036d 05        		.uleb128 0x5
 2362 036e 02        		.byte	0x2
 2363 036f 0000 0000 		.long	.LM105
 2364 0373 16        		.byte	0x16
GAS LISTING C:\Users\beege\AppData\Local\Temp/cccC5cb7.s 			page 43


 2365 0374 00        		.byte	0x0
 2366 0375 05        		.uleb128 0x5
 2367 0376 02        		.byte	0x2
 2368 0377 0000 0000 		.long	.LM106
 2369 037b 17        		.byte	0x17
 2370 037c 00        		.byte	0x0
 2371 037d 05        		.uleb128 0x5
 2372 037e 02        		.byte	0x2
 2373 037f 0000 0000 		.long	.LM107
 2374 0383 18        		.byte	0x18
 2375 0384 00        		.byte	0x0
 2376 0385 05        		.uleb128 0x5
 2377 0386 02        		.byte	0x2
 2378 0387 0000 0000 		.long	.LM108
 2379 038b 15        		.byte	0x15
 2380 038c 00        		.byte	0x0
 2381 038d 05        		.uleb128 0x5
 2382 038e 02        		.byte	0x2
 2383 038f 0000 0000 		.long	.LM109
 2384 0393 15        		.byte	0x15
 2385 0394 00        		.byte	0x0
 2386 0395 05        		.uleb128 0x5
 2387 0396 02        		.byte	0x2
 2388 0397 0000 0000 		.long	.LM110
 2389 039b 15        		.byte	0x15
 2390 039c 00        		.byte	0x0
 2391 039d 05        		.uleb128 0x5
 2392 039e 02        		.byte	0x2
 2393 039f 0000 0000 		.long	.LM111
 2394 03a3 15        		.byte	0x15
 2395 03a4 00        		.byte	0x0
 2396 03a5 05        		.uleb128 0x5
 2397 03a6 02        		.byte	0x2
 2398 03a7 0000 0000 		.long	.LM112
 2399 03ab 15        		.byte	0x15
 2400 03ac 00        		.byte	0x0
 2401 03ad 05        		.uleb128 0x5
 2402 03ae 02        		.byte	0x2
 2403 03af 0000 0000 		.long	.LM113
 2404 03b3 17        		.byte	0x17
 2405 03b4 00        		.byte	0x0
 2406 03b5 05        		.uleb128 0x5
 2407 03b6 02        		.byte	0x2
 2408 03b7 0000 0000 		.long	.LM114
 2409 03bb 15        		.byte	0x15
 2410 03bc 00        		.byte	0x0
 2411 03bd 05        		.uleb128 0x5
 2412 03be 02        		.byte	0x2
 2413 03bf 0000 0000 		.long	.LM115
 2414 03c3 15        		.byte	0x15
 2415 03c4 00        		.byte	0x0
 2416 03c5 05        		.uleb128 0x5
 2417 03c6 02        		.byte	0x2
 2418 03c7 0000 0000 		.long	.LM116
 2419 03cb 18        		.byte	0x18
 2420 03cc 00        		.byte	0x0
 2421 03cd 05        		.uleb128 0x5
GAS LISTING C:\Users\beege\AppData\Local\Temp/cccC5cb7.s 			page 44


 2422 03ce 02        		.byte	0x2
 2423 03cf 0000 0000 		.long	.LM117
 2424 03d3 15        		.byte	0x15
 2425 03d4 00        		.byte	0x0
 2426 03d5 05        		.uleb128 0x5
 2427 03d6 02        		.byte	0x2
 2428 03d7 0000 0000 		.long	.LM118
 2429 03db 15        		.byte	0x15
 2430 03dc 00        		.byte	0x0
 2431 03dd 05        		.uleb128 0x5
 2432 03de 02        		.byte	0x2
 2433 03df 0000 0000 		.long	.LM119
 2434 03e3 15        		.byte	0x15
 2435 03e4 00        		.byte	0x0
 2436 03e5 05        		.uleb128 0x5
 2437 03e6 02        		.byte	0x2
 2438 03e7 0000 0000 		.long	.Letext0
 2439 03eb 00        		.byte	0x0
 2440 03ec 01        		.uleb128 0x1
 2441 03ed 01        		.byte	0x1
 2442               	.LELT0:
 2443 03ee 1600 0000 		.section	.debug_str,"MS",@progbits,1
 2443      0200 1000 
 2443      0000 0101 
 2443      FB0E 0A00 
 2443      0101 0101 
 2444               	.LASF36:
 2445 0000 443A 5C53 		.string	"D:\\Shri Hari\\Asuro\\ASURO_src\\FirstTry"
 2445      6872 6920 
 2445      4861 7269 
 2445      5C41 7375 
 2445      726F 5C41 
 2446               	.LASF7:
 2447 0026 4672 6F6E 		.string	"FrontLED"
 2447      744C 4544 
 2447      00
 2448               	.LASF25:
 2449 002f 4F64 6F6D 		.string	"OdometrieData"
 2449      6574 7269 
 2449      6544 6174 
 2449      6100 
 2450               	.LASF20:
 2451 003d 6C65 6674 		.string	"left"
 2451      00
 2452               	.LASF9:
 2453 0042 7374 6174 		.string	"status"
 2453      7573 00
 2454               	.LASF15:
 2455 0049 536C 6565 		.string	"Sleep"
 2455      7000 
 2456               	.LASF24:
 2457 004f 6461 7461 		.string	"data"
 2457      00
 2458               	.LASF37:
 2459 0054 506F 6C6C 		.string	"PollSwitch"
 2459      5377 6974 
 2459      6368 00
GAS LISTING C:\Users\beege\AppData\Local\Temp/cccC5cb7.s 			page 45


 2460               	.LASF1:
 2461 005f 756E 7369 		.string	"unsigned char"
 2461      676E 6564 
 2461      2063 6861 
 2461      7200 
 2462               	.LASF4:
 2463 006d 6C6F 6E67 		.string	"long unsigned int"
 2463      2075 6E73 
 2463      6967 6E65 
 2463      6420 696E 
 2463      7400 
 2464               	.LASF35:
 2465 007f 6173 7572 		.string	"asuro.c"
 2465      6F2E 6300 
 2466               	.LASF34:
 2467 0087 474E 5520 		.string	"GNU C 4.3.3"
 2467      4320 342E 
 2467      332E 3300 
 2468               	.LASF11:
 2469 0093 7269 6768 		.string	"right_dir"
 2469      745F 6469 
 2469      7200 
 2470               	.LASF17:
 2471 009d 5374 6174 		.string	"StatusLED"
 2471      7573 4C45 
 2471      4400 
 2472               	.LASF16:
 2473 00a7 7469 6D65 		.string	"time72kHz"
 2473      3732 6B48 
 2473      7A00 
 2474               	.LASF13:
 2475 00b1 6C65 6674 		.string	"left_speed"
 2475      5F73 7065 
 2475      6564 00
 2476               	.LASF19:
 2477 00bc 636F 6C6F 		.string	"color"
 2477      7200 
 2478               	.LASF8:
 2479 00c2 4D6F 746F 		.string	"MotorDir"
 2479      7244 6972 
 2479      00
 2480               	.LASF32:
 2481 00cb 5374 6172 		.string	"StartSwitch"
 2481      7453 7769 
 2481      7463 6800 
 2482               	.LASF2:
 2483 00d7 756E 7369 		.string	"unsigned int"
 2483      676E 6564 
 2483      2069 6E74 
 2483      00
 2484               	.LASF21:
 2485 00e4 7269 6768 		.string	"right"
 2485      7400 
 2486               	.LASF6:
 2487 00ea 6C6F 6E67 		.string	"long long unsigned int"
 2487      206C 6F6E 
 2487      6720 756E 
GAS LISTING C:\Users\beege\AppData\Local\Temp/cccC5cb7.s 			page 46


 2487      7369 676E 
 2487      6564 2069 
 2488               	.LASF28:
 2489 0101 5365 7252 		.string	"SerRead"
 2489      6561 6400 
 2490               	.LASF26:
 2491 0109 5365 7257 		.string	"SerWrite"
 2491      7269 7465 
 2491      00
 2492               	.LASF10:
 2493 0112 6C65 6674 		.string	"left_dir"
 2493      5F64 6972 
 2493      00
 2494               	.LASF30:
 2495 011b 7469 6D65 		.string	"time"
 2495      00
 2496               	.LASF5:
 2497 0120 6C6F 6E67 		.string	"long long int"
 2497      206C 6F6E 
 2497      6720 696E 
 2497      7400 
 2498               	.LASF29:
 2499 012e 7469 6D65 		.string	"timeout"
 2499      6F75 7400 
 2500               	.LASF12:
 2501 0136 4D6F 746F 		.string	"MotorSpeed"
 2501      7253 7065 
 2501      6564 00
 2502               	.LASF23:
 2503 0141 4C69 6E65 		.string	"LineData"
 2503      4461 7461 
 2503      00
 2504               	.LASF22:
 2505 014a 496E 6974 		.string	"Init"
 2505      00
 2506               	.LASF18:
 2507 014f 4261 636B 		.string	"BackLED"
 2507      4C45 4400 
 2508               	.LASF31:
 2509 0157 5F5F 7665 		.string	"__vector_3"
 2509      6374 6F72 
 2509      5F33 00
 2510               	.LASF3:
 2511 0162 6C6F 6E67 		.string	"long int"
 2511      2069 6E74 
 2511      00
 2512               	.LASF33:
 2513 016b 5374 6F70 		.string	"StopSwitch"
 2513      5377 6974 
 2513      6368 00
 2514               	.LASF0:
 2515 0176 7369 676E 		.string	"signed char"
 2515      6564 2063 
 2515      6861 7200 
 2516               	.LASF27:
 2517 0182 6C65 6E67 		.string	"length"
 2517      7468 00
GAS LISTING C:\Users\beege\AppData\Local\Temp/cccC5cb7.s 			page 47


 2518               	.LASF38:
 2519 0189 636F 756E 		.string	"count72kHz"
 2519      7437 326B 
 2519      487A 00
 2520               	.LASF14:
 2521 0194 7269 6768 		.string	"right_speed"
 2521      745F 7370 
 2521      6565 6400 
 2522               	.global __do_clear_bss
GAS LISTING C:\Users\beege\AppData\Local\Temp/cccC5cb7.s 			page 48


DEFINED SYMBOLS
                            *ABS*:00000000 asuro.c
C:\Users\beege\AppData\Local\Temp/cccC5cb7.s:2      *ABS*:0000003f __SREG__
C:\Users\beege\AppData\Local\Temp/cccC5cb7.s:3      *ABS*:0000003e __SP_H__
C:\Users\beege\AppData\Local\Temp/cccC5cb7.s:4      *ABS*:0000003d __SP_L__
C:\Users\beege\AppData\Local\Temp/cccC5cb7.s:5      *ABS*:00000034 __CCP__
C:\Users\beege\AppData\Local\Temp/cccC5cb7.s:6      *ABS*:00000000 __tmp_reg__
C:\Users\beege\AppData\Local\Temp/cccC5cb7.s:7      *ABS*:00000001 __zero_reg__
C:\Users\beege\AppData\Local\Temp/cccC5cb7.s:18     .text:00000000 __vector_3
                            *COM*:00000001 count72kHz
C:\Users\beege\AppData\Local\Temp/cccC5cb7.s:45     .text:00000022 MotorSpeed
C:\Users\beege\AppData\Local\Temp/cccC5cb7.s:68     .text:00000030 MotorDir
C:\Users\beege\AppData\Local\Temp/cccC5cb7.s:92     .text:00000042 StatusLED
C:\Users\beege\AppData\Local\Temp/cccC5cb7.s:130    .text:00000068 FrontLED
C:\Users\beege\AppData\Local\Temp/cccC5cb7.s:153    .text:0000007a BackLED
C:\Users\beege\AppData\Local\Temp/cccC5cb7.s:194    .text:000000a0 Init
C:\Users\beege\AppData\Local\Temp/cccC5cb7.s:289    .text:000000fc LineData
C:\Users\beege\AppData\Local\Temp/cccC5cb7.s:344    .text:00000138 OdometrieData
C:\Users\beege\AppData\Local\Temp/cccC5cb7.s:405    .text:0000017c SerWrite
C:\Users\beege\AppData\Local\Temp/cccC5cb7.s:442    .text:00000198 SerRead
C:\Users\beege\AppData\Local\Temp/cccC5cb7.s:518    .text:000001ea PollSwitch
C:\Users\beege\AppData\Local\Temp/cccC5cb7.s:593    .text:0000024e StartSwitch
C:\Users\beege\AppData\Local\Temp/cccC5cb7.s:617    .text:00000260 StopSwitch
C:\Users\beege\AppData\Local\Temp/cccC5cb7.s:633    .text:00000268 Sleep

UNDEFINED SYMBOLS
__floatunsisf
__divsf3
__subsf3
__mulsf3
__addsf3
__fixunssfsi
__do_clear_bss
